Start testing: Jun 23 07:01 UTC
----------------------------------------------------------
1/108 Testing: Camion.Change
1/108 Test: Camion.Change
Command: "/home/runner/work/cmr/cmr/build-debug-generators/test/cmr_gtest" "--gtest_filter=Camion.Change" "--gtest_also_run_disabled_tests"
Directory: /home/runner/work/cmr/cmr/build-debug-generators/test
"Camion.Change" start time: Jun 23 07:01 UTC
Output:
----------------------------------------------------------
Note: Google Test filter = Camion.Change
[==========] Running 1 test from 1 test suite.
[----------] Global test environment set-up.
[----------] 1 test from Camion
[ RUN      ] Camion.Change
[       OK ] Camion.Change (0 ms)
[----------] 1 test from Camion (0 ms total)

[----------] Global test environment tear-down
[==========] 1 test from 1 test suite ran. (0 ms total)
[  PASSED  ] 1 test.
<end of output>
Test time =   0.00 sec
----------------------------------------------------------
Test Passed.
"Camion.Change" end time: Jun 23 07:01 UTC
"Camion.Change" time elapsed: 00:00:00
----------------------------------------------------------

2/108 Testing: Camion.Issue10
2/108 Test: Camion.Issue10
Command: "/home/runner/work/cmr/cmr/build-debug-generators/test/cmr_gtest" "--gtest_filter=Camion.Issue10" "--gtest_also_run_disabled_tests"
Directory: /home/runner/work/cmr/cmr/build-debug-generators/test
"Camion.Issue10" start time: Jun 23 07:01 UTC
Output:
----------------------------------------------------------
Note: Google Test filter = Camion.Issue10
[==========] Running 1 test from 1 test suite.
[----------] Global test environment set-up.
[----------] 1 test from Camion
[ RUN      ] Camion.Issue10
[       OK ] Camion.Issue10 (0 ms)
[----------] 1 test from Camion (0 ms total)

[----------] Global test environment tear-down
[==========] 1 test from 1 test suite ran. (0 ms total)
[  PASSED  ] 1 test.
<end of output>
Test time =   0.00 sec
----------------------------------------------------------
Test Passed.
"Camion.Issue10" end time: Jun 23 07:01 UTC
"Camion.Issue10" time elapsed: 00:00:00
----------------------------------------------------------

3/108 Testing: ComplementTotalUnimodularity.Examples
3/108 Test: ComplementTotalUnimodularity.Examples
Command: "/home/runner/work/cmr/cmr/build-debug-generators/test/cmr_gtest" "--gtest_filter=ComplementTotalUnimodularity.Examples" "--gtest_also_run_disabled_tests"
Directory: /home/runner/work/cmr/cmr/build-debug-generators/test
"ComplementTotalUnimodularity.Examples" start time: Jun 23 07:01 UTC
Output:
----------------------------------------------------------
Note: Google Test filter = ComplementTotalUnimodularity.Examples
[==========] Running 1 test from 1 test suite.
[----------] Global test environment set-up.
[----------] 1 test from ComplementTotalUnimodularity
[ RUN      ] ComplementTotalUnimodularity.Examples
[       OK ] ComplementTotalUnimodularity.Examples (3 ms)
[----------] 1 test from ComplementTotalUnimodularity (3 ms total)

[----------] Global test environment tear-down
[==========] 1 test from 1 test suite ran. (3 ms total)
[  PASSED  ] 1 test.
<end of output>
Test time =   0.01 sec
----------------------------------------------------------
Test Passed.
"ComplementTotalUnimodularity.Examples" end time: Jun 23 07:01 UTC
"ComplementTotalUnimodularity.Examples" time elapsed: 00:00:00
----------------------------------------------------------

4/108 Testing: Graph.Modifications
4/108 Test: Graph.Modifications
Command: "/home/runner/work/cmr/cmr/build-debug-generators/test/cmr_gtest" "--gtest_filter=Graph.Modifications" "--gtest_also_run_disabled_tests"
Directory: /home/runner/work/cmr/cmr/build-debug-generators/test
"Graph.Modifications" start time: Jun 23 07:01 UTC
Output:
----------------------------------------------------------
Note: Google Test filter = Graph.Modifications
[==========] Running 1 test from 1 test suite.
[----------] Global test environment set-up.
[----------] 1 test from Graph
[ RUN      ] Graph.Modifications
[       OK ] Graph.Modifications (0 ms)
[----------] 1 test from Graph (0 ms total)

[----------] Global test environment tear-down
[==========] 1 test from 1 test suite ran. (0 ms total)
[  PASSED  ] 1 test.
<end of output>
Test time =   0.00 sec
----------------------------------------------------------
Test Passed.
"Graph.Modifications" end time: Jun 23 07:01 UTC
"Graph.Modifications" time elapsed: 00:00:00
----------------------------------------------------------

5/108 Testing: Graphic.TypingManyChildrenTerminals
5/108 Test: Graphic.TypingManyChildrenTerminals
Command: "/home/runner/work/cmr/cmr/build-debug-generators/test/cmr_gtest" "--gtest_filter=Graphic.TypingManyChildrenTerminals" "--gtest_also_run_disabled_tests"
Directory: /home/runner/work/cmr/cmr/build-debug-generators/test
"Graphic.TypingManyChildrenTerminals" start time: Jun 23 07:01 UTC
Output:
----------------------------------------------------------
Note: Google Test filter = Graphic.TypingManyChildrenTerminals
[==========] Running 1 test from 1 test suite.
[----------] Global test environment set-up.
[----------] 1 test from Graphic
[ RUN      ] Graphic.TypingManyChildrenTerminals
[       OK ] Graphic.TypingManyChildrenTerminals (0 ms)
[----------] 1 test from Graphic (0 ms total)

[----------] Global test environment tear-down
[==========] 1 test from 1 test suite ran. (0 ms total)
[  PASSED  ] 1 test.
<end of output>
Test time =   0.00 sec
----------------------------------------------------------
Test Passed.
"Graphic.TypingManyChildrenTerminals" end time: Jun 23 07:01 UTC
"Graphic.TypingManyChildrenTerminals" time elapsed: 00:00:00
----------------------------------------------------------

6/108 Testing: Graphic.TypingInnerParallelWithEdge
6/108 Test: Graphic.TypingInnerParallelWithEdge
Command: "/home/runner/work/cmr/cmr/build-debug-generators/test/cmr_gtest" "--gtest_filter=Graphic.TypingInnerParallelWithEdge" "--gtest_also_run_disabled_tests"
Directory: /home/runner/work/cmr/cmr/build-debug-generators/test
"Graphic.TypingInnerParallelWithEdge" start time: Jun 23 07:01 UTC
Output:
----------------------------------------------------------
Note: Google Test filter = Graphic.TypingInnerParallelWithEdge
[==========] Running 1 test from 1 test suite.
[----------] Global test environment set-up.
[----------] 1 test from Graphic
[ RUN      ] Graphic.TypingInnerParallelWithEdge
[       OK ] Graphic.TypingInnerParallelWithEdge (0 ms)
[----------] 1 test from Graphic (0 ms total)

[----------] Global test environment tear-down
[==========] 1 test from 1 test suite ran. (0 ms total)
[  PASSED  ] 1 test.
<end of output>
Test time =   0.00 sec
----------------------------------------------------------
Test Passed.
"Graphic.TypingInnerParallelWithEdge" end time: Jun 23 07:01 UTC
"Graphic.TypingInnerParallelWithEdge" time elapsed: 00:00:00
----------------------------------------------------------

7/108 Testing: Graphic.TypingInnerSeriesDoubleChild
7/108 Test: Graphic.TypingInnerSeriesDoubleChild
Command: "/home/runner/work/cmr/cmr/build-debug-generators/test/cmr_gtest" "--gtest_filter=Graphic.TypingInnerSeriesDoubleChild" "--gtest_also_run_disabled_tests"
Directory: /home/runner/work/cmr/cmr/build-debug-generators/test
"Graphic.TypingInnerSeriesDoubleChild" start time: Jun 23 07:01 UTC
Output:
----------------------------------------------------------
Note: Google Test filter = Graphic.TypingInnerSeriesDoubleChild
[==========] Running 1 test from 1 test suite.
[----------] Global test environment set-up.
[----------] 1 test from Graphic
[ RUN      ] Graphic.TypingInnerSeriesDoubleChild
[       OK ] Graphic.TypingInnerSeriesDoubleChild (0 ms)
[----------] 1 test from Graphic (0 ms total)

[----------] Global test environment tear-down
[==========] 1 test from 1 test suite ran. (0 ms total)
[  PASSED  ] 1 test.
<end of output>
Test time =   0.00 sec
----------------------------------------------------------
Test Passed.
"Graphic.TypingInnerSeriesDoubleChild" end time: Jun 23 07:01 UTC
"Graphic.TypingInnerSeriesDoubleChild" time elapsed: 00:00:00
----------------------------------------------------------

8/108 Testing: Graphic.TypingRootSeriesDoubleChild
8/108 Test: Graphic.TypingRootSeriesDoubleChild
Command: "/home/runner/work/cmr/cmr/build-debug-generators/test/cmr_gtest" "--gtest_filter=Graphic.TypingRootSeriesDoubleChild" "--gtest_also_run_disabled_tests"
Directory: /home/runner/work/cmr/cmr/build-debug-generators/test
"Graphic.TypingRootSeriesDoubleChild" start time: Jun 23 07:01 UTC
Output:
----------------------------------------------------------
Note: Google Test filter = Graphic.TypingRootSeriesDoubleChild
[==========] Running 1 test from 1 test suite.
[----------] Global test environment set-up.
[----------] 1 test from Graphic
[ RUN      ] Graphic.TypingRootSeriesDoubleChild
[       OK ] Graphic.TypingRootSeriesDoubleChild (0 ms)
[----------] 1 test from Graphic (0 ms total)

[----------] Global test environment tear-down
[==========] 1 test from 1 test suite ran. (0 ms total)
[  PASSED  ] 1 test.
<end of output>
Test time =   0.00 sec
----------------------------------------------------------
Test Passed.
"Graphic.TypingRootSeriesDoubleChild" end time: Jun 23 07:01 UTC
"Graphic.TypingRootSeriesDoubleChild" time elapsed: 00:00:00
----------------------------------------------------------

9/108 Testing: Graphic.TypingAnyRigidDegree3
9/108 Test: Graphic.TypingAnyRigidDegree3
Command: "/home/runner/work/cmr/cmr/build-debug-generators/test/cmr_gtest" "--gtest_filter=Graphic.TypingAnyRigidDegree3" "--gtest_also_run_disabled_tests"
Directory: /home/runner/work/cmr/cmr/build-debug-generators/test
"Graphic.TypingAnyRigidDegree3" start time: Jun 23 07:01 UTC
Output:
----------------------------------------------------------
Note: Google Test filter = Graphic.TypingAnyRigidDegree3
[==========] Running 1 test from 1 test suite.
[----------] Global test environment set-up.
[----------] 1 test from Graphic
[ RUN      ] Graphic.TypingAnyRigidDegree3
[       OK ] Graphic.TypingAnyRigidDegree3 (0 ms)
[----------] 1 test from Graphic (0 ms total)

[----------] Global test environment tear-down
[==========] 1 test from 1 test suite ran. (0 ms total)
[  PASSED  ] 1 test.
<end of output>
Test time =   0.00 sec
----------------------------------------------------------
Test Passed.
"Graphic.TypingAnyRigidDegree3" end time: Jun 23 07:01 UTC
"Graphic.TypingAnyRigidDegree3" time elapsed: 00:00:00
----------------------------------------------------------

10/108 Testing: Graphic.TypingAnyRigidManyPaths
10/108 Test: Graphic.TypingAnyRigidManyPaths
Command: "/home/runner/work/cmr/cmr/build-debug-generators/test/cmr_gtest" "--gtest_filter=Graphic.TypingAnyRigidManyPaths" "--gtest_also_run_disabled_tests"
Directory: /home/runner/work/cmr/cmr/build-debug-generators/test
"Graphic.TypingAnyRigidManyPaths" start time: Jun 23 07:01 UTC
Output:
----------------------------------------------------------
Note: Google Test filter = Graphic.TypingAnyRigidManyPaths
[==========] Running 1 test from 1 test suite.
[----------] Global test environment set-up.
[----------] 1 test from Graphic
[ RUN      ] Graphic.TypingAnyRigidManyPaths
[       OK ] Graphic.TypingAnyRigidManyPaths (0 ms)
[----------] 1 test from Graphic (0 ms total)

[----------] Global test environment tear-down
[==========] 1 test from 1 test suite ran. (0 ms total)
[  PASSED  ] 1 test.
<end of output>
Test time =   0.00 sec
----------------------------------------------------------
Test Passed.
"Graphic.TypingAnyRigidManyPaths" end time: Jun 23 07:01 UTC
"Graphic.TypingAnyRigidManyPaths" time elapsed: 00:00:00
----------------------------------------------------------

11/108 Testing: Graphic.TypingRootRigidNoPathsDisjointSingleChildren
11/108 Test: Graphic.TypingRootRigidNoPathsDisjointSingleChildren
Command: "/home/runner/work/cmr/cmr/build-debug-generators/test/cmr_gtest" "--gtest_filter=Graphic.TypingRootRigidNoPathsDisjointSingleChildren" "--gtest_also_run_disabled_tests"
Directory: /home/runner/work/cmr/cmr/build-debug-generators/test
"Graphic.TypingRootRigidNoPathsDisjointSingleChildren" start time: Jun 23 07:01 UTC
Output:
----------------------------------------------------------
Note: Google Test filter = Graphic.TypingRootRigidNoPathsDisjointSingleChildren
[==========] Running 1 test from 1 test suite.
[----------] Global test environment set-up.
[----------] 1 test from Graphic
[ RUN      ] Graphic.TypingRootRigidNoPathsDisjointSingleChildren
[       OK ] Graphic.TypingRootRigidNoPathsDisjointSingleChildren (0 ms)
[----------] 1 test from Graphic (0 ms total)

[----------] Global test environment tear-down
[==========] 1 test from 1 test suite ran. (0 ms total)
[  PASSED  ] 1 test.
<end of output>
Test time =   0.00 sec
----------------------------------------------------------
Test Passed.
"Graphic.TypingRootRigidNoPathsDisjointSingleChildren" end time: Jun 23 07:01 UTC
"Graphic.TypingRootRigidNoPathsDisjointSingleChildren" time elapsed: 00:00:00
----------------------------------------------------------

12/108 Testing: Graphic.TypingRootRigidOnePathSingleChild
12/108 Test: Graphic.TypingRootRigidOnePathSingleChild
Command: "/home/runner/work/cmr/cmr/build-debug-generators/test/cmr_gtest" "--gtest_filter=Graphic.TypingRootRigidOnePathSingleChild" "--gtest_also_run_disabled_tests"
Directory: /home/runner/work/cmr/cmr/build-debug-generators/test
"Graphic.TypingRootRigidOnePathSingleChild" start time: Jun 23 07:01 UTC
Output:
----------------------------------------------------------
Note: Google Test filter = Graphic.TypingRootRigidOnePathSingleChild
[==========] Running 1 test from 1 test suite.
[----------] Global test environment set-up.
[----------] 1 test from Graphic
[ RUN      ] Graphic.TypingRootRigidOnePathSingleChild
[       OK ] Graphic.TypingRootRigidOnePathSingleChild (0 ms)
[----------] 1 test from Graphic (0 ms total)

[----------] Global test environment tear-down
[==========] 1 test from 1 test suite ran. (0 ms total)
[  PASSED  ] 1 test.
<end of output>
Test time =   0.00 sec
----------------------------------------------------------
Test Passed.
"Graphic.TypingRootRigidOnePathSingleChild" end time: Jun 23 07:01 UTC
"Graphic.TypingRootRigidOnePathSingleChild" time elapsed: 00:00:00
----------------------------------------------------------

13/108 Testing: Graphic.TypingRootRigidOnePathTwoSingleChildren
13/108 Test: Graphic.TypingRootRigidOnePathTwoSingleChildren
Command: "/home/runner/work/cmr/cmr/build-debug-generators/test/cmr_gtest" "--gtest_filter=Graphic.TypingRootRigidOnePathTwoSingleChildren" "--gtest_also_run_disabled_tests"
Directory: /home/runner/work/cmr/cmr/build-debug-generators/test
"Graphic.TypingRootRigidOnePathTwoSingleChildren" start time: Jun 23 07:01 UTC
Output:
----------------------------------------------------------
Note: Google Test filter = Graphic.TypingRootRigidOnePathTwoSingleChildren
[==========] Running 1 test from 1 test suite.
[----------] Global test environment set-up.
[----------] 1 test from Graphic
[ RUN      ] Graphic.TypingRootRigidOnePathTwoSingleChildren
[       OK ] Graphic.TypingRootRigidOnePathTwoSingleChildren (0 ms)
[----------] 1 test from Graphic (0 ms total)

[----------] Global test environment tear-down
[==========] 1 test from 1 test suite ran. (0 ms total)
[  PASSED  ] 1 test.
<end of output>
Test time =   0.00 sec
----------------------------------------------------------
Test Passed.
"Graphic.TypingRootRigidOnePathTwoSingleChildren" end time: Jun 23 07:01 UTC
"Graphic.TypingRootRigidOnePathTwoSingleChildren" time elapsed: 00:00:00
----------------------------------------------------------

14/108 Testing: Graphic.TypingRootRigidOnePathDoubleChild
14/108 Test: Graphic.TypingRootRigidOnePathDoubleChild
Command: "/home/runner/work/cmr/cmr/build-debug-generators/test/cmr_gtest" "--gtest_filter=Graphic.TypingRootRigidOnePathDoubleChild" "--gtest_also_run_disabled_tests"
Directory: /home/runner/work/cmr/cmr/build-debug-generators/test
"Graphic.TypingRootRigidOnePathDoubleChild" start time: Jun 23 07:01 UTC
Output:
----------------------------------------------------------
Note: Google Test filter = Graphic.TypingRootRigidOnePathDoubleChild
[==========] Running 1 test from 1 test suite.
[----------] Global test environment set-up.
[----------] 1 test from Graphic
[ RUN      ] Graphic.TypingRootRigidOnePathDoubleChild
[       OK ] Graphic.TypingRootRigidOnePathDoubleChild (0 ms)
[----------] 1 test from Graphic (0 ms total)

[----------] Global test environment tear-down
[==========] 1 test from 1 test suite ran. (0 ms total)
[  PASSED  ] 1 test.
<end of output>
Test time =   0.00 sec
----------------------------------------------------------
Test Passed.
"Graphic.TypingRootRigidOnePathDoubleChild" end time: Jun 23 07:01 UTC
"Graphic.TypingRootRigidOnePathDoubleChild" time elapsed: 00:00:00
----------------------------------------------------------

15/108 Testing: Graphic.TypingRootRigidTwoPaths
15/108 Test: Graphic.TypingRootRigidTwoPaths
Command: "/home/runner/work/cmr/cmr/build-debug-generators/test/cmr_gtest" "--gtest_filter=Graphic.TypingRootRigidTwoPaths" "--gtest_also_run_disabled_tests"
Directory: /home/runner/work/cmr/cmr/build-debug-generators/test
"Graphic.TypingRootRigidTwoPaths" start time: Jun 23 07:01 UTC
Output:
----------------------------------------------------------
Note: Google Test filter = Graphic.TypingRootRigidTwoPaths
[==========] Running 1 test from 1 test suite.
[----------] Global test environment set-up.
[----------] 1 test from Graphic
[ RUN      ] Graphic.TypingRootRigidTwoPaths
[       OK ] Graphic.TypingRootRigidTwoPaths (0 ms)
[----------] 1 test from Graphic (0 ms total)

[----------] Global test environment tear-down
[==========] 1 test from 1 test suite ran. (0 ms total)
[  PASSED  ] 1 test.
<end of output>
Test time =   0.00 sec
----------------------------------------------------------
Test Passed.
"Graphic.TypingRootRigidTwoPaths" end time: Jun 23 07:01 UTC
"Graphic.TypingRootRigidTwoPaths" time elapsed: 00:00:00
----------------------------------------------------------

16/108 Testing: Graphic.TypingInnerRigidNoPathNoSingleChild
16/108 Test: Graphic.TypingInnerRigidNoPathNoSingleChild
Command: "/home/runner/work/cmr/cmr/build-debug-generators/test/cmr_gtest" "--gtest_filter=Graphic.TypingInnerRigidNoPathNoSingleChild" "--gtest_also_run_disabled_tests"
Directory: /home/runner/work/cmr/cmr/build-debug-generators/test
"Graphic.TypingInnerRigidNoPathNoSingleChild" start time: Jun 23 07:01 UTC
Output:
----------------------------------------------------------
Note: Google Test filter = Graphic.TypingInnerRigidNoPathNoSingleChild
[==========] Running 1 test from 1 test suite.
[----------] Global test environment set-up.
[----------] 1 test from Graphic
[ RUN      ] Graphic.TypingInnerRigidNoPathNoSingleChild
[       OK ] Graphic.TypingInnerRigidNoPathNoSingleChild (0 ms)
[----------] 1 test from Graphic (0 ms total)

[----------] Global test environment tear-down
[==========] 1 test from 1 test suite ran. (0 ms total)
[  PASSED  ] 1 test.
<end of output>
Test time =   0.00 sec
----------------------------------------------------------
Test Passed.
"Graphic.TypingInnerRigidNoPathNoSingleChild" end time: Jun 23 07:01 UTC
"Graphic.TypingInnerRigidNoPathNoSingleChild" time elapsed: 00:00:00
----------------------------------------------------------

17/108 Testing: Graphic.TypingInnerRigidNoPathOneSingleChild
17/108 Test: Graphic.TypingInnerRigidNoPathOneSingleChild
Command: "/home/runner/work/cmr/cmr/build-debug-generators/test/cmr_gtest" "--gtest_filter=Graphic.TypingInnerRigidNoPathOneSingleChild" "--gtest_also_run_disabled_tests"
Directory: /home/runner/work/cmr/cmr/build-debug-generators/test
"Graphic.TypingInnerRigidNoPathOneSingleChild" start time: Jun 23 07:01 UTC
Output:
----------------------------------------------------------
Note: Google Test filter = Graphic.TypingInnerRigidNoPathOneSingleChild
[==========] Running 1 test from 1 test suite.
[----------] Global test environment set-up.
[----------] 1 test from Graphic
[ RUN      ] Graphic.TypingInnerRigidNoPathOneSingleChild
[       OK ] Graphic.TypingInnerRigidNoPathOneSingleChild (0 ms)
[----------] 1 test from Graphic (0 ms total)

[----------] Global test environment tear-down
[==========] 1 test from 1 test suite ran. (0 ms total)
[  PASSED  ] 1 test.
<end of output>
Test time =   0.00 sec
----------------------------------------------------------
Test Passed.
"Graphic.TypingInnerRigidNoPathOneSingleChild" end time: Jun 23 07:01 UTC
"Graphic.TypingInnerRigidNoPathOneSingleChild" time elapsed: 00:00:00
----------------------------------------------------------

18/108 Testing: Graphic.TypingInnerRigidNoPathTwoSingleChildren
18/108 Test: Graphic.TypingInnerRigidNoPathTwoSingleChildren
Command: "/home/runner/work/cmr/cmr/build-debug-generators/test/cmr_gtest" "--gtest_filter=Graphic.TypingInnerRigidNoPathTwoSingleChildren" "--gtest_also_run_disabled_tests"
Directory: /home/runner/work/cmr/cmr/build-debug-generators/test
"Graphic.TypingInnerRigidNoPathTwoSingleChildren" start time: Jun 23 07:01 UTC
Output:
----------------------------------------------------------
Note: Google Test filter = Graphic.TypingInnerRigidNoPathTwoSingleChildren
[==========] Running 1 test from 1 test suite.
[----------] Global test environment set-up.
[----------] 1 test from Graphic
[ RUN      ] Graphic.TypingInnerRigidNoPathTwoSingleChildren
[       OK ] Graphic.TypingInnerRigidNoPathTwoSingleChildren (0 ms)
[----------] 1 test from Graphic (0 ms total)

[----------] Global test environment tear-down
[==========] 1 test from 1 test suite ran. (0 ms total)
[  PASSED  ] 1 test.
<end of output>
Test time =   0.00 sec
----------------------------------------------------------
Test Passed.
"Graphic.TypingInnerRigidNoPathTwoSingleChildren" end time: Jun 23 07:01 UTC
"Graphic.TypingInnerRigidNoPathTwoSingleChildren" time elapsed: 00:00:00
----------------------------------------------------------

19/108 Testing: Graphic.TypingInnerRigidOnePathOneSingleChild
19/108 Test: Graphic.TypingInnerRigidOnePathOneSingleChild
Command: "/home/runner/work/cmr/cmr/build-debug-generators/test/cmr_gtest" "--gtest_filter=Graphic.TypingInnerRigidOnePathOneSingleChild" "--gtest_also_run_disabled_tests"
Directory: /home/runner/work/cmr/cmr/build-debug-generators/test
"Graphic.TypingInnerRigidOnePathOneSingleChild" start time: Jun 23 07:01 UTC
Output:
----------------------------------------------------------
Note: Google Test filter = Graphic.TypingInnerRigidOnePathOneSingleChild
[==========] Running 1 test from 1 test suite.
[----------] Global test environment set-up.
[----------] 1 test from Graphic
[ RUN      ] Graphic.TypingInnerRigidOnePathOneSingleChild
[       OK ] Graphic.TypingInnerRigidOnePathOneSingleChild (0 ms)
[----------] 1 test from Graphic (0 ms total)

[----------] Global test environment tear-down
[==========] 1 test from 1 test suite ran. (0 ms total)
[  PASSED  ] 1 test.
<end of output>
Test time =   0.00 sec
----------------------------------------------------------
Test Passed.
"Graphic.TypingInnerRigidOnePathOneSingleChild" end time: Jun 23 07:01 UTC
"Graphic.TypingInnerRigidOnePathOneSingleChild" time elapsed: 00:00:00
----------------------------------------------------------

20/108 Testing: Graphic.TypingInnerRigidOnePathTwoSingleChildren
20/108 Test: Graphic.TypingInnerRigidOnePathTwoSingleChildren
Command: "/home/runner/work/cmr/cmr/build-debug-generators/test/cmr_gtest" "--gtest_filter=Graphic.TypingInnerRigidOnePathTwoSingleChildren" "--gtest_also_run_disabled_tests"
Directory: /home/runner/work/cmr/cmr/build-debug-generators/test
"Graphic.TypingInnerRigidOnePathTwoSingleChildren" start time: Jun 23 07:01 UTC
Output:
----------------------------------------------------------
Note: Google Test filter = Graphic.TypingInnerRigidOnePathTwoSingleChildren
[==========] Running 1 test from 1 test suite.
[----------] Global test environment set-up.
[----------] 1 test from Graphic
[ RUN      ] Graphic.TypingInnerRigidOnePathTwoSingleChildren
[       OK ] Graphic.TypingInnerRigidOnePathTwoSingleChildren (0 ms)
[----------] 1 test from Graphic (0 ms total)

[----------] Global test environment tear-down
[==========] 1 test from 1 test suite ran. (0 ms total)
[  PASSED  ] 1 test.
<end of output>
Test time =   0.00 sec
----------------------------------------------------------
Test Passed.
"Graphic.TypingInnerRigidOnePathTwoSingleChildren" end time: Jun 23 07:01 UTC
"Graphic.TypingInnerRigidOnePathTwoSingleChildren" time elapsed: 00:00:00
----------------------------------------------------------

21/108 Testing: Graphic.TypingInnerRigidOnePathNoChildren
21/108 Test: Graphic.TypingInnerRigidOnePathNoChildren
Command: "/home/runner/work/cmr/cmr/build-debug-generators/test/cmr_gtest" "--gtest_filter=Graphic.TypingInnerRigidOnePathNoChildren" "--gtest_also_run_disabled_tests"
Directory: /home/runner/work/cmr/cmr/build-debug-generators/test
"Graphic.TypingInnerRigidOnePathNoChildren" start time: Jun 23 07:01 UTC
Output:
----------------------------------------------------------
Note: Google Test filter = Graphic.TypingInnerRigidOnePathNoChildren
[==========] Running 1 test from 1 test suite.
[----------] Global test environment set-up.
[----------] 1 test from Graphic
[ RUN      ] Graphic.TypingInnerRigidOnePathNoChildren
[       OK ] Graphic.TypingInnerRigidOnePathNoChildren (0 ms)
[----------] 1 test from Graphic (0 ms total)

[----------] Global test environment tear-down
[==========] 1 test from 1 test suite ran. (0 ms total)
[  PASSED  ] 1 test.
<end of output>
Test time =   0.00 sec
----------------------------------------------------------
Test Passed.
"Graphic.TypingInnerRigidOnePathNoChildren" end time: Jun 23 07:01 UTC
"Graphic.TypingInnerRigidOnePathNoChildren" time elapsed: 00:00:00
----------------------------------------------------------

22/108 Testing: Graphic.TypingInnerRigidOnePathDoubleChild
22/108 Test: Graphic.TypingInnerRigidOnePathDoubleChild
Command: "/home/runner/work/cmr/cmr/build-debug-generators/test/cmr_gtest" "--gtest_filter=Graphic.TypingInnerRigidOnePathDoubleChild" "--gtest_also_run_disabled_tests"
Directory: /home/runner/work/cmr/cmr/build-debug-generators/test
"Graphic.TypingInnerRigidOnePathDoubleChild" start time: Jun 23 07:01 UTC
Output:
----------------------------------------------------------
Note: Google Test filter = Graphic.TypingInnerRigidOnePathDoubleChild
[==========] Running 1 test from 1 test suite.
[----------] Global test environment set-up.
[----------] 1 test from Graphic
[ RUN      ] Graphic.TypingInnerRigidOnePathDoubleChild
[       OK ] Graphic.TypingInnerRigidOnePathDoubleChild (0 ms)
[----------] 1 test from Graphic (0 ms total)

[----------] Global test environment tear-down
[==========] 1 test from 1 test suite ran. (0 ms total)
[  PASSED  ] 1 test.
<end of output>
Test time =   0.00 sec
----------------------------------------------------------
Test Passed.
"Graphic.TypingInnerRigidOnePathDoubleChild" end time: Jun 23 07:01 UTC
"Graphic.TypingInnerRigidOnePathDoubleChild" time elapsed: 00:00:00
----------------------------------------------------------

23/108 Testing: Graphic.TypingInnerRigidTwoPathsNonadjacentParent
23/108 Test: Graphic.TypingInnerRigidTwoPathsNonadjacentParent
Command: "/home/runner/work/cmr/cmr/build-debug-generators/test/cmr_gtest" "--gtest_filter=Graphic.TypingInnerRigidTwoPathsNonadjacentParent" "--gtest_also_run_disabled_tests"
Directory: /home/runner/work/cmr/cmr/build-debug-generators/test
"Graphic.TypingInnerRigidTwoPathsNonadjacentParent" start time: Jun 23 07:01 UTC
Output:
----------------------------------------------------------
Note: Google Test filter = Graphic.TypingInnerRigidTwoPathsNonadjacentParent
[==========] Running 1 test from 1 test suite.
[----------] Global test environment set-up.
[----------] 1 test from Graphic
[ RUN      ] Graphic.TypingInnerRigidTwoPathsNonadjacentParent
[       OK ] Graphic.TypingInnerRigidTwoPathsNonadjacentParent (0 ms)
[----------] 1 test from Graphic (0 ms total)

[----------] Global test environment tear-down
[==========] 1 test from 1 test suite ran. (0 ms total)
[  PASSED  ] 1 test.
<end of output>
Test time =   0.00 sec
----------------------------------------------------------
Test Passed.
"Graphic.TypingInnerRigidTwoPathsNonadjacentParent" end time: Jun 23 07:01 UTC
"Graphic.TypingInnerRigidTwoPathsNonadjacentParent" time elapsed: 00:00:00
----------------------------------------------------------

24/108 Testing: Graphic.TypingInnerRigidTwoPathOneSingleChild
24/108 Test: Graphic.TypingInnerRigidTwoPathOneSingleChild
Command: "/home/runner/work/cmr/cmr/build-debug-generators/test/cmr_gtest" "--gtest_filter=Graphic.TypingInnerRigidTwoPathOneSingleChild" "--gtest_also_run_disabled_tests"
Directory: /home/runner/work/cmr/cmr/build-debug-generators/test
"Graphic.TypingInnerRigidTwoPathOneSingleChild" start time: Jun 23 07:01 UTC
Output:
----------------------------------------------------------
Note: Google Test filter = Graphic.TypingInnerRigidTwoPathOneSingleChild
[==========] Running 1 test from 1 test suite.
[----------] Global test environment set-up.
[----------] 1 test from Graphic
[ RUN      ] Graphic.TypingInnerRigidTwoPathOneSingleChild
[       OK ] Graphic.TypingInnerRigidTwoPathOneSingleChild (0 ms)
[----------] 1 test from Graphic (0 ms total)

[----------] Global test environment tear-down
[==========] 1 test from 1 test suite ran. (0 ms total)
[  PASSED  ] 1 test.
<end of output>
Test time =   0.00 sec
----------------------------------------------------------
Test Passed.
"Graphic.TypingInnerRigidTwoPathOneSingleChild" end time: Jun 23 07:01 UTC
"Graphic.TypingInnerRigidTwoPathOneSingleChild" time elapsed: 00:00:00
----------------------------------------------------------

25/108 Testing: Graphic.TypingInnerRigidTwoPathTwoSingleChildren
25/108 Test: Graphic.TypingInnerRigidTwoPathTwoSingleChildren
Command: "/home/runner/work/cmr/cmr/build-debug-generators/test/cmr_gtest" "--gtest_filter=Graphic.TypingInnerRigidTwoPathTwoSingleChildren" "--gtest_also_run_disabled_tests"
Directory: /home/runner/work/cmr/cmr/build-debug-generators/test
"Graphic.TypingInnerRigidTwoPathTwoSingleChildren" start time: Jun 23 07:01 UTC
Output:
----------------------------------------------------------
Note: Google Test filter = Graphic.TypingInnerRigidTwoPathTwoSingleChildren
[==========] Running 1 test from 1 test suite.
[----------] Global test environment set-up.
[----------] 1 test from Graphic
[ RUN      ] Graphic.TypingInnerRigidTwoPathTwoSingleChildren
[       OK ] Graphic.TypingInnerRigidTwoPathTwoSingleChildren (0 ms)
[----------] 1 test from Graphic (0 ms total)

[----------] Global test environment tear-down
[==========] 1 test from 1 test suite ran. (0 ms total)
[  PASSED  ] 1 test.
<end of output>
Test time =   0.00 sec
----------------------------------------------------------
Test Passed.
"Graphic.TypingInnerRigidTwoPathTwoSingleChildren" end time: Jun 23 07:01 UTC
"Graphic.TypingInnerRigidTwoPathTwoSingleChildren" time elapsed: 00:00:00
----------------------------------------------------------

26/108 Testing: Graphic.TypingInnerRigidTwoPathsDoubleChild
26/108 Test: Graphic.TypingInnerRigidTwoPathsDoubleChild
Command: "/home/runner/work/cmr/cmr/build-debug-generators/test/cmr_gtest" "--gtest_filter=Graphic.TypingInnerRigidTwoPathsDoubleChild" "--gtest_also_run_disabled_tests"
Directory: /home/runner/work/cmr/cmr/build-debug-generators/test
"Graphic.TypingInnerRigidTwoPathsDoubleChild" start time: Jun 23 07:01 UTC
Output:
----------------------------------------------------------
Note: Google Test filter = Graphic.TypingInnerRigidTwoPathsDoubleChild
[==========] Running 1 test from 1 test suite.
[----------] Global test environment set-up.
[----------] 1 test from Graphic
[ RUN      ] Graphic.TypingInnerRigidTwoPathsDoubleChild
[       OK ] Graphic.TypingInnerRigidTwoPathsDoubleChild (0 ms)
[----------] 1 test from Graphic (0 ms total)

[----------] Global test environment tear-down
[==========] 1 test from 1 test suite ran. (0 ms total)
[  PASSED  ] 1 test.
<end of output>
Test time =   0.00 sec
----------------------------------------------------------
Test Passed.
"Graphic.TypingInnerRigidTwoPathsDoubleChild" end time: Jun 23 07:01 UTC
"Graphic.TypingInnerRigidTwoPathsDoubleChild" time elapsed: 00:00:00
----------------------------------------------------------

27/108 Testing: Graphic.RandomMatrix
27/108 Test: Graphic.RandomMatrix
Command: "/home/runner/work/cmr/cmr/build-debug-generators/test/cmr_gtest" "--gtest_filter=Graphic.RandomMatrix" "--gtest_also_run_disabled_tests"
Directory: /home/runner/work/cmr/cmr/build-debug-generators/test
"Graphic.RandomMatrix" start time: Jun 23 07:01 UTC
Output:
----------------------------------------------------------
Note: Google Test filter = Graphic.RandomMatrix
[==========] Running 1 test from 1 test suite.
[----------] Global test environment set-up.
[----------] 1 test from Graphic
[ RUN      ] Graphic.RandomMatrix
[       OK ] Graphic.RandomMatrix (653 ms)
[----------] 1 test from Graphic (653 ms total)

[----------] Global test environment tear-down
[==========] 1 test from 1 test suite ran. (653 ms total)
[  PASSED  ] 1 test.
<end of output>
Test time =   0.66 sec
----------------------------------------------------------
Test Passed.
"Graphic.RandomMatrix" end time: Jun 23 07:01 UTC
"Graphic.RandomMatrix" time elapsed: 00:00:00
----------------------------------------------------------

28/108 Testing: Graphic.UpdateRootParallelNoChildren
28/108 Test: Graphic.UpdateRootParallelNoChildren
Command: "/home/runner/work/cmr/cmr/build-debug-generators/test/cmr_gtest" "--gtest_filter=Graphic.UpdateRootParallelNoChildren" "--gtest_also_run_disabled_tests"
Directory: /home/runner/work/cmr/cmr/build-debug-generators/test
"Graphic.UpdateRootParallelNoChildren" start time: Jun 23 07:01 UTC
Output:
----------------------------------------------------------
Note: Google Test filter = Graphic.UpdateRootParallelNoChildren
[==========] Running 1 test from 1 test suite.
[----------] Global test environment set-up.
[----------] 1 test from Graphic
[ RUN      ] Graphic.UpdateRootParallelNoChildren
[       OK ] Graphic.UpdateRootParallelNoChildren (0 ms)
[----------] 1 test from Graphic (0 ms total)

[----------] Global test environment tear-down
[==========] 1 test from 1 test suite ran. (0 ms total)
[  PASSED  ] 1 test.
<end of output>
Test time =   0.00 sec
----------------------------------------------------------
Test Passed.
"Graphic.UpdateRootParallelNoChildren" end time: Jun 23 07:01 UTC
"Graphic.UpdateRootParallelNoChildren" time elapsed: 00:00:00
----------------------------------------------------------

29/108 Testing: Graphic.UpdateRootParallelTwoSingleChildren
29/108 Test: Graphic.UpdateRootParallelTwoSingleChildren
Command: "/home/runner/work/cmr/cmr/build-debug-generators/test/cmr_gtest" "--gtest_filter=Graphic.UpdateRootParallelTwoSingleChildren" "--gtest_also_run_disabled_tests"
Directory: /home/runner/work/cmr/cmr/build-debug-generators/test
"Graphic.UpdateRootParallelTwoSingleChildren" start time: Jun 23 07:01 UTC
Output:
----------------------------------------------------------
Note: Google Test filter = Graphic.UpdateRootParallelTwoSingleChildren
[==========] Running 1 test from 1 test suite.
[----------] Global test environment set-up.
[----------] 1 test from Graphic
[ RUN      ] Graphic.UpdateRootParallelTwoSingleChildren
[       OK ] Graphic.UpdateRootParallelTwoSingleChildren (0 ms)
[----------] 1 test from Graphic (0 ms total)

[----------] Global test environment tear-down
[==========] 1 test from 1 test suite ran. (0 ms total)
[  PASSED  ] 1 test.
<end of output>
Test time =   0.00 sec
----------------------------------------------------------
Test Passed.
"Graphic.UpdateRootParallelTwoSingleChildren" end time: Jun 23 07:01 UTC
"Graphic.UpdateRootParallelTwoSingleChildren" time elapsed: 00:00:00
----------------------------------------------------------

30/108 Testing: Graphic.UpdateRootParallelTwoSingleChildrenSplit
30/108 Test: Graphic.UpdateRootParallelTwoSingleChildrenSplit
Command: "/home/runner/work/cmr/cmr/build-debug-generators/test/cmr_gtest" "--gtest_filter=Graphic.UpdateRootParallelTwoSingleChildrenSplit" "--gtest_also_run_disabled_tests"
Directory: /home/runner/work/cmr/cmr/build-debug-generators/test
"Graphic.UpdateRootParallelTwoSingleChildrenSplit" start time: Jun 23 07:01 UTC
Output:
----------------------------------------------------------
Note: Google Test filter = Graphic.UpdateRootParallelTwoSingleChildrenSplit
[==========] Running 1 test from 1 test suite.
[----------] Global test environment set-up.
[----------] 1 test from Graphic
[ RUN      ] Graphic.UpdateRootParallelTwoSingleChildrenSplit
[       OK ] Graphic.UpdateRootParallelTwoSingleChildrenSplit (0 ms)
[----------] 1 test from Graphic (0 ms total)

[----------] Global test environment tear-down
[==========] 1 test from 1 test suite ran. (0 ms total)
[  PASSED  ] 1 test.
<end of output>
Test time =   0.00 sec
----------------------------------------------------------
Test Passed.
"Graphic.UpdateRootParallelTwoSingleChildrenSplit" end time: Jun 23 07:01 UTC
"Graphic.UpdateRootParallelTwoSingleChildrenSplit" time elapsed: 00:00:00
----------------------------------------------------------

31/108 Testing: Graphic.UpdateInnerParallelOneSingleChild
31/108 Test: Graphic.UpdateInnerParallelOneSingleChild
Command: "/home/runner/work/cmr/cmr/build-debug-generators/test/cmr_gtest" "--gtest_filter=Graphic.UpdateInnerParallelOneSingleChild" "--gtest_also_run_disabled_tests"
Directory: /home/runner/work/cmr/cmr/build-debug-generators/test
"Graphic.UpdateInnerParallelOneSingleChild" start time: Jun 23 07:01 UTC
Output:
----------------------------------------------------------
Note: Google Test filter = Graphic.UpdateInnerParallelOneSingleChild
[==========] Running 1 test from 1 test suite.
[----------] Global test environment set-up.
[----------] 1 test from Graphic
[ RUN      ] Graphic.UpdateInnerParallelOneSingleChild
[       OK ] Graphic.UpdateInnerParallelOneSingleChild (0 ms)
[----------] 1 test from Graphic (0 ms total)

[----------] Global test environment tear-down
[==========] 1 test from 1 test suite ran. (0 ms total)
[  PASSED  ] 1 test.
<end of output>
Test time =   0.00 sec
----------------------------------------------------------
Test Passed.
"Graphic.UpdateInnerParallelOneSingleChild" end time: Jun 23 07:01 UTC
"Graphic.UpdateInnerParallelOneSingleChild" time elapsed: 00:00:00
----------------------------------------------------------

32/108 Testing: Graphic.UpdateRootSeriesNoChildrenParent
32/108 Test: Graphic.UpdateRootSeriesNoChildrenParent
Command: "/home/runner/work/cmr/cmr/build-debug-generators/test/cmr_gtest" "--gtest_filter=Graphic.UpdateRootSeriesNoChildrenParent" "--gtest_also_run_disabled_tests"
Directory: /home/runner/work/cmr/cmr/build-debug-generators/test
"Graphic.UpdateRootSeriesNoChildrenParent" start time: Jun 23 07:01 UTC
Output:
----------------------------------------------------------
Note: Google Test filter = Graphic.UpdateRootSeriesNoChildrenParent
[==========] Running 1 test from 1 test suite.
[----------] Global test environment set-up.
[----------] 1 test from Graphic
[ RUN      ] Graphic.UpdateRootSeriesNoChildrenParent
[       OK ] Graphic.UpdateRootSeriesNoChildrenParent (0 ms)
[----------] 1 test from Graphic (0 ms total)

[----------] Global test environment tear-down
[==========] 1 test from 1 test suite ran. (0 ms total)
[  PASSED  ] 1 test.
<end of output>
Test time =   0.00 sec
----------------------------------------------------------
Test Passed.
"Graphic.UpdateRootSeriesNoChildrenParent" end time: Jun 23 07:01 UTC
"Graphic.UpdateRootSeriesNoChildrenParent" time elapsed: 00:00:00
----------------------------------------------------------

33/108 Testing: Graphic.UpdateRootSeriesNoChildrenHamiltonianPath
33/108 Test: Graphic.UpdateRootSeriesNoChildrenHamiltonianPath
Command: "/home/runner/work/cmr/cmr/build-debug-generators/test/cmr_gtest" "--gtest_filter=Graphic.UpdateRootSeriesNoChildrenHamiltonianPath" "--gtest_also_run_disabled_tests"
Directory: /home/runner/work/cmr/cmr/build-debug-generators/test
"Graphic.UpdateRootSeriesNoChildrenHamiltonianPath" start time: Jun 23 07:01 UTC
Output:
----------------------------------------------------------
Note: Google Test filter = Graphic.UpdateRootSeriesNoChildrenHamiltonianPath
[==========] Running 1 test from 1 test suite.
[----------] Global test environment set-up.
[----------] 1 test from Graphic
[ RUN      ] Graphic.UpdateRootSeriesNoChildrenHamiltonianPath
[       OK ] Graphic.UpdateRootSeriesNoChildrenHamiltonianPath (0 ms)
[----------] 1 test from Graphic (0 ms total)

[----------] Global test environment tear-down
[==========] 1 test from 1 test suite ran. (0 ms total)
[  PASSED  ] 1 test.
<end of output>
Test time =   0.00 sec
----------------------------------------------------------
Test Passed.
"Graphic.UpdateRootSeriesNoChildrenHamiltonianPath" end time: Jun 23 07:01 UTC
"Graphic.UpdateRootSeriesNoChildrenHamiltonianPath" time elapsed: 00:00:00
----------------------------------------------------------

34/108 Testing: Graphic.UpdateRootSeriesNoChildren
34/108 Test: Graphic.UpdateRootSeriesNoChildren
Command: "/home/runner/work/cmr/cmr/build-debug-generators/test/cmr_gtest" "--gtest_filter=Graphic.UpdateRootSeriesNoChildren" "--gtest_also_run_disabled_tests"
Directory: /home/runner/work/cmr/cmr/build-debug-generators/test
"Graphic.UpdateRootSeriesNoChildren" start time: Jun 23 07:01 UTC
Output:
----------------------------------------------------------
Note: Google Test filter = Graphic.UpdateRootSeriesNoChildren
[==========] Running 1 test from 1 test suite.
[----------] Global test environment set-up.
[----------] 1 test from Graphic
[ RUN      ] Graphic.UpdateRootSeriesNoChildren
[       OK ] Graphic.UpdateRootSeriesNoChildren (0 ms)
[----------] 1 test from Graphic (0 ms total)

[----------] Global test environment tear-down
[==========] 1 test from 1 test suite ran. (0 ms total)
[  PASSED  ] 1 test.
<end of output>
Test time =   0.00 sec
----------------------------------------------------------
Test Passed.
"Graphic.UpdateRootSeriesNoChildren" end time: Jun 23 07:01 UTC
"Graphic.UpdateRootSeriesNoChildren" time elapsed: 00:00:00
----------------------------------------------------------

35/108 Testing: Graphic.UpdateRootSeriesOneSingleChildParent
35/108 Test: Graphic.UpdateRootSeriesOneSingleChildParent
Command: "/home/runner/work/cmr/cmr/build-debug-generators/test/cmr_gtest" "--gtest_filter=Graphic.UpdateRootSeriesOneSingleChildParent" "--gtest_also_run_disabled_tests"
Directory: /home/runner/work/cmr/cmr/build-debug-generators/test
"Graphic.UpdateRootSeriesOneSingleChildParent" start time: Jun 23 07:01 UTC
Output:
----------------------------------------------------------
Note: Google Test filter = Graphic.UpdateRootSeriesOneSingleChildParent
[==========] Running 1 test from 1 test suite.
[----------] Global test environment set-up.
[----------] 1 test from Graphic
[ RUN      ] Graphic.UpdateRootSeriesOneSingleChildParent
[       OK ] Graphic.UpdateRootSeriesOneSingleChildParent (0 ms)
[----------] 1 test from Graphic (0 ms total)

[----------] Global test environment tear-down
[==========] 1 test from 1 test suite ran. (0 ms total)
[  PASSED  ] 1 test.
<end of output>
Test time =   0.00 sec
----------------------------------------------------------
Test Passed.
"Graphic.UpdateRootSeriesOneSingleChildParent" end time: Jun 23 07:01 UTC
"Graphic.UpdateRootSeriesOneSingleChildParent" time elapsed: 00:00:00
----------------------------------------------------------

36/108 Testing: Graphic.UpdateRootSeriesOneSingleChild
36/108 Test: Graphic.UpdateRootSeriesOneSingleChild
Command: "/home/runner/work/cmr/cmr/build-debug-generators/test/cmr_gtest" "--gtest_filter=Graphic.UpdateRootSeriesOneSingleChild" "--gtest_also_run_disabled_tests"
Directory: /home/runner/work/cmr/cmr/build-debug-generators/test
"Graphic.UpdateRootSeriesOneSingleChild" start time: Jun 23 07:01 UTC
Output:
----------------------------------------------------------
Note: Google Test filter = Graphic.UpdateRootSeriesOneSingleChild
[==========] Running 1 test from 1 test suite.
[----------] Global test environment set-up.
[----------] 1 test from Graphic
[ RUN      ] Graphic.UpdateRootSeriesOneSingleChild
[       OK ] Graphic.UpdateRootSeriesOneSingleChild (0 ms)
[----------] 1 test from Graphic (0 ms total)

[----------] Global test environment tear-down
[==========] 1 test from 1 test suite ran. (0 ms total)
[  PASSED  ] 1 test.
<end of output>
Test time =   0.00 sec
----------------------------------------------------------
Test Passed.
"Graphic.UpdateRootSeriesOneSingleChild" end time: Jun 23 07:01 UTC
"Graphic.UpdateRootSeriesOneSingleChild" time elapsed: 00:00:00
----------------------------------------------------------

37/108 Testing: Graphic.UpdateRootSeriesTwoSingleChildren
37/108 Test: Graphic.UpdateRootSeriesTwoSingleChildren
Command: "/home/runner/work/cmr/cmr/build-debug-generators/test/cmr_gtest" "--gtest_filter=Graphic.UpdateRootSeriesTwoSingleChildren" "--gtest_also_run_disabled_tests"
Directory: /home/runner/work/cmr/cmr/build-debug-generators/test
"Graphic.UpdateRootSeriesTwoSingleChildren" start time: Jun 23 07:01 UTC
Output:
----------------------------------------------------------
Note: Google Test filter = Graphic.UpdateRootSeriesTwoSingleChildren
[==========] Running 1 test from 1 test suite.
[----------] Global test environment set-up.
[----------] 1 test from Graphic
[ RUN      ] Graphic.UpdateRootSeriesTwoSingleChildren
[       OK ] Graphic.UpdateRootSeriesTwoSingleChildren (0 ms)
[----------] 1 test from Graphic (0 ms total)

[----------] Global test environment tear-down
[==========] 1 test from 1 test suite ran. (0 ms total)
[  PASSED  ] 1 test.
<end of output>
Test time =   0.00 sec
----------------------------------------------------------
Test Passed.
"Graphic.UpdateRootSeriesTwoSingleChildren" end time: Jun 23 07:01 UTC
"Graphic.UpdateRootSeriesTwoSingleChildren" time elapsed: 00:00:00
----------------------------------------------------------

38/108 Testing: Graphic.UpdateRootSeriesTwoSingleChildrenParent
38/108 Test: Graphic.UpdateRootSeriesTwoSingleChildrenParent
Command: "/home/runner/work/cmr/cmr/build-debug-generators/test/cmr_gtest" "--gtest_filter=Graphic.UpdateRootSeriesTwoSingleChildrenParent" "--gtest_also_run_disabled_tests"
Directory: /home/runner/work/cmr/cmr/build-debug-generators/test
"Graphic.UpdateRootSeriesTwoSingleChildrenParent" start time: Jun 23 07:01 UTC
Output:
----------------------------------------------------------
Note: Google Test filter = Graphic.UpdateRootSeriesTwoSingleChildrenParent
[==========] Running 1 test from 1 test suite.
[----------] Global test environment set-up.
[----------] 1 test from Graphic
[ RUN      ] Graphic.UpdateRootSeriesTwoSingleChildrenParent
[       OK ] Graphic.UpdateRootSeriesTwoSingleChildrenParent (0 ms)
[----------] 1 test from Graphic (0 ms total)

[----------] Global test environment tear-down
[==========] 1 test from 1 test suite ran. (0 ms total)
[  PASSED  ] 1 test.
<end of output>
Test time =   0.00 sec
----------------------------------------------------------
Test Passed.
"Graphic.UpdateRootSeriesTwoSingleChildrenParent" end time: Jun 23 07:01 UTC
"Graphic.UpdateRootSeriesTwoSingleChildrenParent" time elapsed: 00:00:00
----------------------------------------------------------

39/108 Testing: Graphic.UpdateLeafSeries
39/108 Test: Graphic.UpdateLeafSeries
Command: "/home/runner/work/cmr/cmr/build-debug-generators/test/cmr_gtest" "--gtest_filter=Graphic.UpdateLeafSeries" "--gtest_also_run_disabled_tests"
Directory: /home/runner/work/cmr/cmr/build-debug-generators/test
"Graphic.UpdateLeafSeries" start time: Jun 23 07:01 UTC
Output:
----------------------------------------------------------
Note: Google Test filter = Graphic.UpdateLeafSeries
[==========] Running 1 test from 1 test suite.
[----------] Global test environment set-up.
[----------] 1 test from Graphic
[ RUN      ] Graphic.UpdateLeafSeries
[       OK ] Graphic.UpdateLeafSeries (0 ms)
[----------] 1 test from Graphic (0 ms total)

[----------] Global test environment tear-down
[==========] 1 test from 1 test suite ran. (0 ms total)
[  PASSED  ] 1 test.
<end of output>
Test time =   0.00 sec
----------------------------------------------------------
Test Passed.
"Graphic.UpdateLeafSeries" end time: Jun 23 07:01 UTC
"Graphic.UpdateLeafSeries" time elapsed: 00:00:00
----------------------------------------------------------

40/108 Testing: Graphic.UpdateInnerSeriesOneSingleChild
40/108 Test: Graphic.UpdateInnerSeriesOneSingleChild
Command: "/home/runner/work/cmr/cmr/build-debug-generators/test/cmr_gtest" "--gtest_filter=Graphic.UpdateInnerSeriesOneSingleChild" "--gtest_also_run_disabled_tests"
Directory: /home/runner/work/cmr/cmr/build-debug-generators/test
"Graphic.UpdateInnerSeriesOneSingleChild" start time: Jun 23 07:01 UTC
Output:
----------------------------------------------------------
Note: Google Test filter = Graphic.UpdateInnerSeriesOneSingleChild
[==========] Running 1 test from 1 test suite.
[----------] Global test environment set-up.
[----------] 1 test from Graphic
[ RUN      ] Graphic.UpdateInnerSeriesOneSingleChild
[       OK ] Graphic.UpdateInnerSeriesOneSingleChild (0 ms)
[----------] 1 test from Graphic (0 ms total)

[----------] Global test environment tear-down
[==========] 1 test from 1 test suite ran. (0 ms total)
[  PASSED  ] 1 test.
<end of output>
Test time =   0.00 sec
----------------------------------------------------------
Test Passed.
"Graphic.UpdateInnerSeriesOneSingleChild" end time: Jun 23 07:01 UTC
"Graphic.UpdateInnerSeriesOneSingleChild" time elapsed: 00:00:00
----------------------------------------------------------

41/108 Testing: Graphic.UpdateRootRigidParentOnly
41/108 Test: Graphic.UpdateRootRigidParentOnly
Command: "/home/runner/work/cmr/cmr/build-debug-generators/test/cmr_gtest" "--gtest_filter=Graphic.UpdateRootRigidParentOnly" "--gtest_also_run_disabled_tests"
Directory: /home/runner/work/cmr/cmr/build-debug-generators/test
"Graphic.UpdateRootRigidParentOnly" start time: Jun 23 07:01 UTC
Output:
----------------------------------------------------------
Note: Google Test filter = Graphic.UpdateRootRigidParentOnly
[==========] Running 1 test from 1 test suite.
[----------] Global test environment set-up.
[----------] 1 test from Graphic
[ RUN      ] Graphic.UpdateRootRigidParentOnly
[       OK ] Graphic.UpdateRootRigidParentOnly (0 ms)
[----------] 1 test from Graphic (0 ms total)

[----------] Global test environment tear-down
[==========] 1 test from 1 test suite ran. (0 ms total)
[  PASSED  ] 1 test.
<end of output>
Test time =   0.00 sec
----------------------------------------------------------
Test Passed.
"Graphic.UpdateRootRigidParentOnly" end time: Jun 23 07:01 UTC
"Graphic.UpdateRootRigidParentOnly" time elapsed: 00:00:00
----------------------------------------------------------

42/108 Testing: Graphic.UpdateRootRigidParentJoinsPaths
42/108 Test: Graphic.UpdateRootRigidParentJoinsPaths
Command: "/home/runner/work/cmr/cmr/build-debug-generators/test/cmr_gtest" "--gtest_filter=Graphic.UpdateRootRigidParentJoinsPaths" "--gtest_also_run_disabled_tests"
Directory: /home/runner/work/cmr/cmr/build-debug-generators/test
"Graphic.UpdateRootRigidParentJoinsPaths" start time: Jun 23 07:01 UTC
Output:
----------------------------------------------------------
Note: Google Test filter = Graphic.UpdateRootRigidParentJoinsPaths
[==========] Running 1 test from 1 test suite.
[----------] Global test environment set-up.
[----------] 1 test from Graphic
[ RUN      ] Graphic.UpdateRootRigidParentJoinsPaths
[       OK ] Graphic.UpdateRootRigidParentJoinsPaths (0 ms)
[----------] 1 test from Graphic (0 ms total)

[----------] Global test environment tear-down
[==========] 1 test from 1 test suite ran. (0 ms total)
[  PASSED  ] 1 test.
<end of output>
Test time =   0.00 sec
----------------------------------------------------------
Test Passed.
"Graphic.UpdateRootRigidParentJoinsPaths" end time: Jun 23 07:01 UTC
"Graphic.UpdateRootRigidParentJoinsPaths" time elapsed: 00:00:00
----------------------------------------------------------

43/108 Testing: Graphic.UpdateRootRigidNoChildren
43/108 Test: Graphic.UpdateRootRigidNoChildren
Command: "/home/runner/work/cmr/cmr/build-debug-generators/test/cmr_gtest" "--gtest_filter=Graphic.UpdateRootRigidNoChildren" "--gtest_also_run_disabled_tests"
Directory: /home/runner/work/cmr/cmr/build-debug-generators/test
"Graphic.UpdateRootRigidNoChildren" start time: Jun 23 07:01 UTC
Output:
----------------------------------------------------------
Note: Google Test filter = Graphic.UpdateRootRigidNoChildren
[==========] Running 1 test from 1 test suite.
[----------] Global test environment set-up.
[----------] 1 test from Graphic
[ RUN      ] Graphic.UpdateRootRigidNoChildren
[       OK ] Graphic.UpdateRootRigidNoChildren (0 ms)
[----------] 1 test from Graphic (0 ms total)

[----------] Global test environment tear-down
[==========] 1 test from 1 test suite ran. (0 ms total)
[  PASSED  ] 1 test.
<end of output>
Test time =   0.00 sec
----------------------------------------------------------
Test Passed.
"Graphic.UpdateRootRigidNoChildren" end time: Jun 23 07:01 UTC
"Graphic.UpdateRootRigidNoChildren" time elapsed: 00:00:00
----------------------------------------------------------

44/108 Testing: Graphic.UpdateRootRigidOneSingleChild
44/108 Test: Graphic.UpdateRootRigidOneSingleChild
Command: "/home/runner/work/cmr/cmr/build-debug-generators/test/cmr_gtest" "--gtest_filter=Graphic.UpdateRootRigidOneSingleChild" "--gtest_also_run_disabled_tests"
Directory: /home/runner/work/cmr/cmr/build-debug-generators/test
"Graphic.UpdateRootRigidOneSingleChild" start time: Jun 23 07:01 UTC
Output:
----------------------------------------------------------
Note: Google Test filter = Graphic.UpdateRootRigidOneSingleChild
[==========] Running 1 test from 1 test suite.
[----------] Global test environment set-up.
[----------] 1 test from Graphic
[ RUN      ] Graphic.UpdateRootRigidOneSingleChild
[       OK ] Graphic.UpdateRootRigidOneSingleChild (0 ms)
[----------] 1 test from Graphic (0 ms total)

[----------] Global test environment tear-down
[==========] 1 test from 1 test suite ran. (0 ms total)
[  PASSED  ] 1 test.
<end of output>
Test time =   0.00 sec
----------------------------------------------------------
Test Passed.
"Graphic.UpdateRootRigidOneSingleChild" end time: Jun 23 07:01 UTC
"Graphic.UpdateRootRigidOneSingleChild" time elapsed: 00:00:00
----------------------------------------------------------

45/108 Testing: Graphic.UpdateRootRigidTwoSingleChildren
45/108 Test: Graphic.UpdateRootRigidTwoSingleChildren
Command: "/home/runner/work/cmr/cmr/build-debug-generators/test/cmr_gtest" "--gtest_filter=Graphic.UpdateRootRigidTwoSingleChildren" "--gtest_also_run_disabled_tests"
Directory: /home/runner/work/cmr/cmr/build-debug-generators/test
"Graphic.UpdateRootRigidTwoSingleChildren" start time: Jun 23 07:01 UTC
Output:
----------------------------------------------------------
Note: Google Test filter = Graphic.UpdateRootRigidTwoSingleChildren
[==========] Running 1 test from 1 test suite.
[----------] Global test environment set-up.
[----------] 1 test from Graphic
[ RUN      ] Graphic.UpdateRootRigidTwoSingleChildren
[       OK ] Graphic.UpdateRootRigidTwoSingleChildren (0 ms)
[----------] 1 test from Graphic (0 ms total)

[----------] Global test environment tear-down
[==========] 1 test from 1 test suite ran. (0 ms total)
[  PASSED  ] 1 test.
<end of output>
Test time =   0.00 sec
----------------------------------------------------------
Test Passed.
"Graphic.UpdateRootRigidTwoSingleChildren" end time: Jun 23 07:01 UTC
"Graphic.UpdateRootRigidTwoSingleChildren" time elapsed: 00:00:00
----------------------------------------------------------

46/108 Testing: Graphic.UpdateRootRigidTwoParallelSingleChildren
46/108 Test: Graphic.UpdateRootRigidTwoParallelSingleChildren
Command: "/home/runner/work/cmr/cmr/build-debug-generators/test/cmr_gtest" "--gtest_filter=Graphic.UpdateRootRigidTwoParallelSingleChildren" "--gtest_also_run_disabled_tests"
Directory: /home/runner/work/cmr/cmr/build-debug-generators/test
"Graphic.UpdateRootRigidTwoParallelSingleChildren" start time: Jun 23 07:01 UTC
Output:
----------------------------------------------------------
Note: Google Test filter = Graphic.UpdateRootRigidTwoParallelSingleChildren
[==========] Running 1 test from 1 test suite.
[----------] Global test environment set-up.
[----------] 1 test from Graphic
[ RUN      ] Graphic.UpdateRootRigidTwoParallelSingleChildren
[       OK ] Graphic.UpdateRootRigidTwoParallelSingleChildren (0 ms)
[----------] 1 test from Graphic (0 ms total)

[----------] Global test environment tear-down
[==========] 1 test from 1 test suite ran. (0 ms total)
[  PASSED  ] 1 test.
<end of output>
Test time =   0.00 sec
----------------------------------------------------------
Test Passed.
"Graphic.UpdateRootRigidTwoParallelSingleChildren" end time: Jun 23 07:01 UTC
"Graphic.UpdateRootRigidTwoParallelSingleChildren" time elapsed: 00:00:00
----------------------------------------------------------

47/108 Testing: Graphic.UpdateLeafRigid
47/108 Test: Graphic.UpdateLeafRigid
Command: "/home/runner/work/cmr/cmr/build-debug-generators/test/cmr_gtest" "--gtest_filter=Graphic.UpdateLeafRigid" "--gtest_also_run_disabled_tests"
Directory: /home/runner/work/cmr/cmr/build-debug-generators/test
"Graphic.UpdateLeafRigid" start time: Jun 23 07:01 UTC
Output:
----------------------------------------------------------
Note: Google Test filter = Graphic.UpdateLeafRigid
[==========] Running 1 test from 1 test suite.
[----------] Global test environment set-up.
[----------] 1 test from Graphic
[ RUN      ] Graphic.UpdateLeafRigid
[       OK ] Graphic.UpdateLeafRigid (0 ms)
[----------] 1 test from Graphic (0 ms total)

[----------] Global test environment tear-down
[==========] 1 test from 1 test suite ran. (0 ms total)
[  PASSED  ] 1 test.
<end of output>
Test time =   0.00 sec
----------------------------------------------------------
Test Passed.
"Graphic.UpdateLeafRigid" end time: Jun 23 07:01 UTC
"Graphic.UpdateLeafRigid" time elapsed: 00:00:00
----------------------------------------------------------

48/108 Testing: Graphic.UpdateInnerRigidOnePath
48/108 Test: Graphic.UpdateInnerRigidOnePath
Command: "/home/runner/work/cmr/cmr/build-debug-generators/test/cmr_gtest" "--gtest_filter=Graphic.UpdateInnerRigidOnePath" "--gtest_also_run_disabled_tests"
Directory: /home/runner/work/cmr/cmr/build-debug-generators/test
"Graphic.UpdateInnerRigidOnePath" start time: Jun 23 07:01 UTC
Output:
----------------------------------------------------------
Note: Google Test filter = Graphic.UpdateInnerRigidOnePath
[==========] Running 1 test from 1 test suite.
[----------] Global test environment set-up.
[----------] 1 test from Graphic
[ RUN      ] Graphic.UpdateInnerRigidOnePath
[       OK ] Graphic.UpdateInnerRigidOnePath (0 ms)
[----------] 1 test from Graphic (0 ms total)

[----------] Global test environment tear-down
[==========] 1 test from 1 test suite ran. (0 ms total)
[  PASSED  ] 1 test.
<end of output>
Test time =   0.00 sec
----------------------------------------------------------
Test Passed.
"Graphic.UpdateInnerRigidOnePath" end time: Jun 23 07:01 UTC
"Graphic.UpdateInnerRigidOnePath" time elapsed: 00:00:00
----------------------------------------------------------

49/108 Testing: Graphic.UpdateInnerRigidNoPath
49/108 Test: Graphic.UpdateInnerRigidNoPath
Command: "/home/runner/work/cmr/cmr/build-debug-generators/test/cmr_gtest" "--gtest_filter=Graphic.UpdateInnerRigidNoPath" "--gtest_also_run_disabled_tests"
Directory: /home/runner/work/cmr/cmr/build-debug-generators/test
"Graphic.UpdateInnerRigidNoPath" start time: Jun 23 07:01 UTC
Output:
----------------------------------------------------------
Note: Google Test filter = Graphic.UpdateInnerRigidNoPath
[==========] Running 1 test from 1 test suite.
[----------] Global test environment set-up.
[----------] 1 test from Graphic
[ RUN      ] Graphic.UpdateInnerRigidNoPath
[       OK ] Graphic.UpdateInnerRigidNoPath (0 ms)
[----------] 1 test from Graphic (0 ms total)

[----------] Global test environment tear-down
[==========] 1 test from 1 test suite ran. (0 ms total)
[  PASSED  ] 1 test.
<end of output>
Test time =   0.00 sec
----------------------------------------------------------
Test Passed.
"Graphic.UpdateInnerRigidNoPath" end time: Jun 23 07:01 UTC
"Graphic.UpdateInnerRigidNoPath" time elapsed: 00:00:00
----------------------------------------------------------

50/108 Testing: Graphic.UpdateRandomGraph
50/108 Test: Graphic.UpdateRandomGraph
Command: "/home/runner/work/cmr/cmr/build-debug-generators/test/cmr_gtest" "--gtest_filter=Graphic.UpdateRandomGraph" "--gtest_also_run_disabled_tests"
Directory: /home/runner/work/cmr/cmr/build-debug-generators/test
"Graphic.UpdateRandomGraph" start time: Jun 23 07:01 UTC
Output:
----------------------------------------------------------
Note: Google Test filter = Graphic.UpdateRandomGraph
[==========] Running 1 test from 1 test suite.
[----------] Global test environment set-up.
[----------] 1 test from Graphic
[ RUN      ] Graphic.UpdateRandomGraph
[       OK ] Graphic.UpdateRandomGraph (264 ms)
[----------] 1 test from Graphic (264 ms total)

[----------] Global test environment tear-down
[==========] 1 test from 1 test suite ran. (264 ms total)
[  PASSED  ] 1 test.
<end of output>
Test time =   0.27 sec
----------------------------------------------------------
Test Passed.
"Graphic.UpdateRandomGraph" end time: Jun 23 07:01 UTC
"Graphic.UpdateRandomGraph" time elapsed: 00:00:00
----------------------------------------------------------

51/108 Testing: Graphic.RepresentationMatrix
51/108 Test: Graphic.RepresentationMatrix
Command: "/home/runner/work/cmr/cmr/build-debug-generators/test/cmr_gtest" "--gtest_filter=Graphic.RepresentationMatrix" "--gtest_also_run_disabled_tests"
Directory: /home/runner/work/cmr/cmr/build-debug-generators/test
"Graphic.RepresentationMatrix" start time: Jun 23 07:01 UTC
Output:
----------------------------------------------------------
Note: Google Test filter = Graphic.RepresentationMatrix
[==========] Running 1 test from 1 test suite.
[----------] Global test environment set-up.
[----------] 1 test from Graphic
[ RUN      ] Graphic.RepresentationMatrix
[       OK ] Graphic.RepresentationMatrix (0 ms)
[----------] 1 test from Graphic (0 ms total)

[----------] Global test environment tear-down
[==========] 1 test from 1 test suite ran. (0 ms total)
[  PASSED  ] 1 test.
<end of output>
Test time =   0.00 sec
----------------------------------------------------------
Test Passed.
"Graphic.RepresentationMatrix" end time: Jun 23 07:01 UTC
"Graphic.RepresentationMatrix" time elapsed: 00:00:00
----------------------------------------------------------

52/108 Testing: Hashtable.Functionality
52/108 Test: Hashtable.Functionality
Command: "/home/runner/work/cmr/cmr/build-debug-generators/test/cmr_gtest" "--gtest_filter=Hashtable.Functionality" "--gtest_also_run_disabled_tests"
Directory: /home/runner/work/cmr/cmr/build-debug-generators/test
"Hashtable.Functionality" start time: Jun 23 07:01 UTC
Output:
----------------------------------------------------------
Note: Google Test filter = Hashtable.Functionality
[==========] Running 1 test from 1 test suite.
[----------] Global test environment set-up.
[----------] 1 test from Hashtable
[ RUN      ] Hashtable.Functionality
[       OK ] Hashtable.Functionality (0 ms)
[----------] 1 test from Hashtable (0 ms total)

[----------] Global test environment tear-down
[==========] 1 test from 1 test suite ran. (0 ms total)
[  PASSED  ] 1 test.
<end of output>
Test time =   0.00 sec
----------------------------------------------------------
Test Passed.
"Hashtable.Functionality" end time: Jun 23 07:01 UTC
"Hashtable.Functionality" time elapsed: 00:00:00
----------------------------------------------------------

53/108 Testing: Matrix.Read
53/108 Test: Matrix.Read
Command: "/home/runner/work/cmr/cmr/build-debug-generators/test/cmr_gtest" "--gtest_filter=Matrix.Read" "--gtest_also_run_disabled_tests"
Directory: /home/runner/work/cmr/cmr/build-debug-generators/test
"Matrix.Read" start time: Jun 23 07:01 UTC
Output:
----------------------------------------------------------
Note: Google Test filter = Matrix.Read
[==========] Running 1 test from 1 test suite.
[----------] Global test environment set-up.
[----------] 1 test from Matrix
[ RUN      ] Matrix.Read
[       OK ] Matrix.Read (0 ms)
[----------] 1 test from Matrix (0 ms total)

[----------] Global test environment tear-down
[==========] 1 test from 1 test suite ran. (0 ms total)
[  PASSED  ] 1 test.
<end of output>
Test time =   0.00 sec
----------------------------------------------------------
Test Passed.
"Matrix.Read" end time: Jun 23 07:01 UTC
"Matrix.Read" time elapsed: 00:00:00
----------------------------------------------------------

54/108 Testing: Matrix.Transpose
54/108 Test: Matrix.Transpose
Command: "/home/runner/work/cmr/cmr/build-debug-generators/test/cmr_gtest" "--gtest_filter=Matrix.Transpose" "--gtest_also_run_disabled_tests"
Directory: /home/runner/work/cmr/cmr/build-debug-generators/test
"Matrix.Transpose" start time: Jun 23 07:01 UTC
Output:
----------------------------------------------------------
Note: Google Test filter = Matrix.Transpose
[==========] Running 1 test from 1 test suite.
[----------] Global test environment set-up.
[----------] 1 test from Matrix
[ RUN      ] Matrix.Transpose
[       OK ] Matrix.Transpose (0 ms)
[----------] 1 test from Matrix (0 ms total)

[----------] Global test environment tear-down
[==========] 1 test from 1 test suite ran. (0 ms total)
[  PASSED  ] 1 test.
<end of output>
Test time =   0.00 sec
----------------------------------------------------------
Test Passed.
"Matrix.Transpose" end time: Jun 23 07:01 UTC
"Matrix.Transpose" time elapsed: 00:00:00
----------------------------------------------------------

55/108 Testing: Matrix.Submatrix
55/108 Test: Matrix.Submatrix
Command: "/home/runner/work/cmr/cmr/build-debug-generators/test/cmr_gtest" "--gtest_filter=Matrix.Submatrix" "--gtest_also_run_disabled_tests"
Directory: /home/runner/work/cmr/cmr/build-debug-generators/test
"Matrix.Submatrix" start time: Jun 23 07:01 UTC
Output:
----------------------------------------------------------
Note: Google Test filter = Matrix.Submatrix
[==========] Running 1 test from 1 test suite.
[----------] Global test environment set-up.
[----------] 1 test from Matrix
[ RUN      ] Matrix.Submatrix
3 3
   1 2 3 
  ------
1| 1 0 0 
2| 0 -1 1 
3| 0 0 -1 
3 3
   1 2 3 
  ------
1| 1 0 0 
2| 0 -1 1 
3| 0 0 -1 
[       OK ] Matrix.Submatrix (0 ms)
[----------] 1 test from Matrix (0 ms total)

[----------] Global test environment tear-down
[==========] 1 test from 1 test suite ran. (0 ms total)
[  PASSED  ] 1 test.
<end of output>
Test time =   0.00 sec
----------------------------------------------------------
Test Passed.
"Matrix.Submatrix" end time: Jun 23 07:01 UTC
"Matrix.Submatrix" time elapsed: 00:00:00
----------------------------------------------------------

56/108 Testing: Network.Basic
56/108 Test: Network.Basic
Command: "/home/runner/work/cmr/cmr/build-debug-generators/test/cmr_gtest" "--gtest_filter=Network.Basic" "--gtest_also_run_disabled_tests"
Directory: /home/runner/work/cmr/cmr/build-debug-generators/test
"Network.Basic" start time: Jun 23 07:01 UTC
Output:
----------------------------------------------------------
Note: Google Test filter = Network.Basic
[==========] Running 1 test from 1 test suite.
[----------] Global test environment set-up.
[----------] 1 test from Network
[ RUN      ] Network.Basic
[       OK ] Network.Basic (0 ms)
[----------] 1 test from Network (0 ms total)

[----------] Global test environment tear-down
[==========] 1 test from 1 test suite ran. (0 ms total)
[  PASSED  ] 1 test.
<end of output>
Test time =   0.00 sec
----------------------------------------------------------
Test Passed.
"Network.Basic" end time: Jun 23 07:01 UTC
"Network.Basic" time elapsed: 00:00:00
----------------------------------------------------------

57/108 Testing: Regular.OneSum
57/108 Test: Regular.OneSum
Command: "/home/runner/work/cmr/cmr/build-debug-generators/test/cmr_gtest" "--gtest_filter=Regular.OneSum" "--gtest_also_run_disabled_tests"
Directory: /home/runner/work/cmr/cmr/build-debug-generators/test
"Regular.OneSum" start time: Jun 23 07:01 UTC
Output:
----------------------------------------------------------
Note: Google Test filter = Regular.OneSum
[==========] Running 1 test from 1 test suite.
[----------] Global test environment set-up.
[----------] 1 test from Regular
[ RUN      ] Regular.OneSum
9x9 1-sum with 2 children {regular}
No matrix.
  5x4 graphic matrix with 6 nodes and 9 edges {regular,graphic}
  
Matrix:

5 4
1 1 0 0 
1 1 1 0 
0 1 1 1 
1 0 0 1 
0 0 1 1 
  
Graph:

Graph with 6 nodes and 9 edges.
Node 8:
  Edge 15: {8,5} {arc = 30}
  Edge 3: {8,1} {arc = 6}
  Edge 1: {8,7} {arc = 3}
Node 7:
  Edge 12: {7,4} {arc = 24}
  Edge 13: {7,0} {arc = 26}
  Edge 1: {7,8} {arc = 2}
Node 5:
  Edge 18: {5,0} {arc = 36}
  Edge 15: {5,8} {arc = 31}
  Edge 8: {5,4} {arc = 17}
Node 4:
  Edge 7: {4,1} {arc = 14}
  Edge 12: {4,7} {arc = 25}
  Edge 8: {4,5} {arc = 16}
Node 1:
  Edge 7: {1,4} {arc = 15}
  Edge 5: {1,0} {arc = 11}
  Edge 3: {1,8} {arc = 7}
Node 0:
  Edge 18: {0,5} {arc = 37}
  Edge 5: {0,1} {arc = 10}
  Edge 13: {0,7} {arc = 27}
  4x5 cographic matrix with 6 nodes and 9 edges {regular,cographic}
  
Matrix:

4 5
1 1 1 0 0 
0 0 1 1 1 
0 1 0 1 1 
1 1 0 1 0 
  
Cograph:

Graph with 6 nodes and 9 edges.
Node 8:
  Edge 4: {8,2} {arc = 9}
  Edge 6: {8,5} {arc = 13}
  Edge 1: {8,7} {arc = 3}
Node 7:
  Edge 12: {7,0} {arc = 25}
  Edge 3: {7,1} {arc = 6}
  Edge 1: {7,8} {arc = 2}
Node 5:
  Edge 8: {5,0} {arc = 16}
  Edge 7: {5,1} {arc = 15}
  Edge 6: {5,8} {arc = 12}
Node 2:
  Edge 16: {2,0} {arc = 33}
  Edge 14: {2,1} {arc = 28}
  Edge 4: {2,8} {arc = 8}
Node 1:
  Edge 14: {1,2} {arc = 29}
  Edge 3: {1,7} {arc = 7}
  Edge 7: {1,5} {arc = 14}
Node 0:
  Edge 16: {0,2} {arc = 32}
  Edge 12: {0,7} {arc = 24}
  Edge 8: {0,5} {arc = 17}
[       OK ] Regular.OneSum (0 ms)
[----------] 1 test from Regular (0 ms total)

[----------] Global test environment tear-down
[==========] 1 test from 1 test suite ran. (0 ms total)
[  PASSED  ] 1 test.
<end of output>
Test time =   0.00 sec
----------------------------------------------------------
Test Passed.
"Regular.OneSum" end time: Jun 23 07:01 UTC
"Regular.OneSum" time elapsed: 00:00:00
----------------------------------------------------------

58/108 Testing: Regular.SeriesParallelTwoSeparation
58/108 Test: Regular.SeriesParallelTwoSeparation
Command: "/home/runner/work/cmr/cmr/build-debug-generators/test/cmr_gtest" "--gtest_filter=Regular.SeriesParallelTwoSeparation" "--gtest_also_run_disabled_tests"
Directory: /home/runner/work/cmr/cmr/build-debug-generators/test
"Regular.SeriesParallelTwoSeparation" start time: Jun 23 07:01 UTC
Output:
----------------------------------------------------------
Note: Google Test filter = Regular.SeriesParallelTwoSeparation
[==========] Running 1 test from 1 test suite.
[----------] Global test environment set-up.
[----------] 1 test from Regular
[ RUN      ] Regular.SeriesParallelTwoSeparation
5 4
   1 2 3 4 
  --------
1| 1 1 0 0 
2| 1 1 1 0 
3| 1 0 0 1 
4| 0 1 1 1 
5| 0 0 1 1 
4 5
   1 2 3 4 5 
  ----------
1| 1 1 1 0 0 
2| 1 1 0 1 0 
3| 0 1 0 1 1 
4| 0 0 1 1 1 
8 8
   1 2 3 4 5 6 7 8 
  ----------------
1| 1 1 1 0 1 1 0 0 
2| 1 1 1 0 0 0 1 1 
3| 1 1 1 0 1 0 1 0 
4| 0 0 0 0 0 1 1 1 
5| 1 1 0 0 0 0 0 0 
6| 1 0 0 1 0 0 0 0 
7| 0 1 1 1 0 0 0 0 
8| 0 0 1 1 0 0 0 0 
8x8 2-sum with 2 children {regular}

Matrix:

8 8
1 1 1 0 1 1 0 0 
1 1 1 0 0 0 1 1 
1 1 1 0 1 0 1 0 
0 0 0 0 0 1 1 1 
1 1 0 0 0 0 0 0 
1 0 0 1 0 0 0 0 
0 1 1 1 0 0 0 0 
0 0 1 1 0 0 0 0 
  4x5 cographic matrix with 6 nodes and 9 edges {regular,cographic}
  
Matrix:

4 5
1 1 0 0 1 
0 0 1 1 1 
1 0 1 0 1 
0 1 1 1 0 
  
Cograph:

Graph with 6 nodes and 9 edges.
Node 8:
  Edge 9: {8,0} {arc = 19}
  Edge 12: {8,4} {arc = 24}
  Edge 1: {8,7} {arc = 3}
Node 7:
  Edge 13: {7,3} {arc = 26}
  Edge 16: {7,5} {arc = 32}
  Edge 1: {7,8} {arc = 2}
Node 5:
  Edge 7: {5,0} {arc = 14}
  Edge 16: {5,7} {arc = 33}
  Edge 8: {5,4} {arc = 17}
Node 4:
  Edge 3: {4,3} {arc = 6}
  Edge 12: {4,8} {arc = 25}
  Edge 8: {4,5} {arc = 16}
Node 3:
  Edge 5: {3,0} {arc = 11}
  Edge 3: {3,4} {arc = 7}
  Edge 13: {3,7} {arc = 27}
Node 0:
  Edge 7: {0,5} {arc = 15}
  Edge 5: {0,3} {arc = 10}
  Edge 9: {0,8} {arc = 18}
  5x4 graphic matrix with 6 nodes and 9 edges {regular,graphic}
  
Matrix:

5 4
1 1 0 0 
1 0 0 1 
0 1 1 1 
0 0 1 1 
1 1 1 0 
  
Graph:

Graph with 6 nodes and 9 edges.
Node 8:
  Edge 17: {8,5} {arc = 34}
  Edge 9: {8,1} {arc = 18}
  Edge 1: {8,7} {arc = 3}
Node 7:
  Edge 14: {7,4} {arc = 28}
  Edge 15: {7,0} {arc = 30}
  Edge 1: {7,8} {arc = 2}
Node 5:
  Edge 7: {5,0} {arc = 14}
  Edge 17: {5,8} {arc = 35}
  Edge 10: {5,4} {arc = 21}
Node 4:
  Edge 3: {4,1} {arc = 6}
  Edge 14: {4,7} {arc = 29}
  Edge 10: {4,5} {arc = 20}
Node 1:
  Edge 9: {1,8} {arc = 19}
  Edge 5: {1,0} {arc = 11}
  Edge 3: {1,4} {arc = 7}
Node 0:
  Edge 7: {0,5} {arc = 15}
  Edge 5: {0,1} {arc = 10}
  Edge 15: {0,7} {arc = 31}
[       OK ] Regular.SeriesParallelTwoSeparation (0 ms)
[----------] 1 test from Regular (0 ms total)

[----------] Global test environment tear-down
[==========] 1 test from 1 test suite ran. (0 ms total)
[  PASSED  ] 1 test.
<end of output>
Test time =   0.00 sec
----------------------------------------------------------
Test Passed.
"Regular.SeriesParallelTwoSeparation" end time: Jun 23 07:01 UTC
"Regular.SeriesParallelTwoSeparation" time elapsed: 00:00:00
----------------------------------------------------------

59/108 Testing: Regular.NestedMinorSearchTwoSeparation
59/108 Test: Regular.NestedMinorSearchTwoSeparation
Command: "/home/runner/work/cmr/cmr/build-debug-generators/test/cmr_gtest" "--gtest_filter=Regular.NestedMinorSearchTwoSeparation" "--gtest_also_run_disabled_tests"
Directory: /home/runner/work/cmr/cmr/build-debug-generators/test
"Regular.NestedMinorSearchTwoSeparation" start time: Jun 23 07:01 UTC
Output:
----------------------------------------------------------
Note: Google Test filter = Regular.NestedMinorSearchTwoSeparation
[==========] Running 1 test from 1 test suite.
[----------] Global test environment set-up.
[----------] 1 test from Regular
[ RUN      ] Regular.NestedMinorSearchTwoSeparation
8x8 2-sum with 2 children {regular}

Matrix:

8 8
1 1 0 0 0 0 0 0 
1 0 0 1 0 0 0 0 
0 1 1 1 0 0 0 0 
0 0 1 1 0 0 0 0 
1 1 1 0 1 1 0 0 
1 1 1 0 1 0 1 0 
1 1 1 0 0 0 1 1 
0 0 0 0 0 1 1 1 
  5x4 graphic matrix with 6 nodes and 9 edges {regular,graphic}
  
Matrix:

5 4
1 1 0 0 
1 0 0 1 
0 1 1 1 
0 0 1 1 
1 1 1 0 
  
Graph:

Graph with 6 nodes and 9 edges.
Node 8:
  Edge 17: {8,5} {arc = 34}
  Edge 9: {8,1} {arc = 18}
  Edge 1: {8,7} {arc = 3}
Node 7:
  Edge 14: {7,4} {arc = 28}
  Edge 15: {7,0} {arc = 30}
  Edge 1: {7,8} {arc = 2}
Node 5:
  Edge 7: {5,0} {arc = 14}
  Edge 17: {5,8} {arc = 35}
  Edge 10: {5,4} {arc = 21}
Node 4:
  Edge 3: {4,1} {arc = 6}
  Edge 14: {4,7} {arc = 29}
  Edge 10: {4,5} {arc = 20}
Node 1:
  Edge 9: {1,8} {arc = 19}
  Edge 5: {1,0} {arc = 11}
  Edge 3: {1,4} {arc = 7}
Node 0:
  Edge 7: {0,5} {arc = 15}
  Edge 5: {0,1} {arc = 10}
  Edge 15: {0,7} {arc = 31}
  4x5 cographic matrix with 6 nodes and 9 edges {regular,cographic}
  
Matrix:

4 5
1 1 0 0 1 
1 0 1 0 1 
0 0 1 1 1 
0 1 1 1 0 
  
Cograph:

Graph with 6 nodes and 9 edges.
Node 8:
  Edge 17: {8,5} {arc = 34}
  Edge 9: {8,1} {arc = 18}
  Edge 1: {8,7} {arc = 3}
Node 7:
  Edge 14: {7,4} {arc = 28}
  Edge 15: {7,0} {arc = 30}
  Edge 1: {7,8} {arc = 2}
Node 5:
  Edge 7: {5,0} {arc = 14}
  Edge 17: {5,8} {arc = 35}
  Edge 10: {5,4} {arc = 21}
Node 4:
  Edge 3: {4,1} {arc = 6}
  Edge 14: {4,7} {arc = 29}
  Edge 10: {4,5} {arc = 20}
Node 1:
  Edge 9: {1,8} {arc = 19}
  Edge 5: {1,0} {arc = 11}
  Edge 3: {1,4} {arc = 7}
Node 0:
  Edge 7: {0,5} {arc = 15}
  Edge 5: {0,1} {arc = 10}
  Edge 15: {0,7} {arc = 31}
[       OK ] Regular.NestedMinorSearchTwoSeparation (0 ms)
[----------] 1 test from Regular (0 ms total)

[----------] Global test environment tear-down
[==========] 1 test from 1 test suite ran. (0 ms total)
[  PASSED  ] 1 test.
<end of output>
Test time =   0.00 sec
----------------------------------------------------------
Test Passed.
"Regular.NestedMinorSearchTwoSeparation" end time: Jun 23 07:01 UTC
"Regular.NestedMinorSearchTwoSeparation" time elapsed: 00:00:00
----------------------------------------------------------

60/108 Testing: Regular.NestedMinorPivotsOneRowOneColumn
60/108 Test: Regular.NestedMinorPivotsOneRowOneColumn
Command: "/home/runner/work/cmr/cmr/build-debug-generators/test/cmr_gtest" "--gtest_filter=Regular.NestedMinorPivotsOneRowOneColumn" "--gtest_also_run_disabled_tests"
Directory: /home/runner/work/cmr/cmr/build-debug-generators/test
"Regular.NestedMinorPivotsOneRowOneColumn" start time: Jun 23 07:01 UTC
Output:
----------------------------------------------------------
Note: Google Test filter = Regular.NestedMinorPivotsOneRowOneColumn
[==========] Running 1 test from 1 test suite.
[----------] Global test environment set-up.
[----------] 1 test from Regular
[ RUN      ] Regular.NestedMinorPivotsOneRowOneColumn
6 6
   1 2 3 4 5 6 
  ------------
1| 1 0 1 0 0 0 
2| 1 1 0 0 0 1 
3| 0 1 1 0 0 0 
4| 0 0 0 0 1 1 
5| 0 0 0 1 1 0 
6| 0 1 1 1 0 0 
6x6 graphic matrix with 7 nodes and 12 edges {regular,graphic}
No matrix.

Graph:

Graph with 7 nodes and 12 edges.
Node 6:
  Edge 11: {6,0} {arc = 22}
  Edge 10: {6,4} {arc = 20}
  Edge 8: {6,5} {arc = 17}
Node 5:
  Edge 8: {5,6} {arc = 16}
  Edge 9: {5,0} {arc = 18}
  Edge 7: {5,2} {arc = 15}
Node 4:
  Edge 10: {4,6} {arc = 21}
  Edge 6: {4,0} {arc = 12}
  Edge 3: {4,3} {arc = 7}
Node 3:
  Edge 3: {3,4} {arc = 6}
  Edge 4: {3,1} {arc = 8}
  Edge 2: {3,2} {arc = 5}
Node 2:
  Edge 7: {2,5} {arc = 14}
  Edge 2: {2,3} {arc = 4}
  Edge 1: {2,0} {arc = 3}
  Edge 0: {2,1} {arc = 1}
Node 1:
  Edge 5: {1,0} {arc = 11}
  Edge 4: {1,3} {arc = 9}
  Edge 0: {1,2} {arc = 0}
Node 0:
  Edge 11: {0,6} {arc = 23}
  Edge 9: {0,5} {arc = 19}
  Edge 6: {0,4} {arc = 13}
  Edge 5: {0,1} {arc = 10}
  Edge 1: {0,2} {arc = 2}
[       OK ] Regular.NestedMinorPivotsOneRowOneColumn (0 ms)
[----------] 1 test from Regular (0 ms total)

[----------] Global test environment tear-down
[==========] 1 test from 1 test suite ran. (0 ms total)
[  PASSED  ] 1 test.
<end of output>
Test time =   0.00 sec
----------------------------------------------------------
Test Passed.
"Regular.NestedMinorPivotsOneRowOneColumn" end time: Jun 23 07:01 UTC
"Regular.NestedMinorPivotsOneRowOneColumn" time elapsed: 00:00:00
----------------------------------------------------------

61/108 Testing: Regular.NestedMinorPivotsTwoRowsOneColumn
61/108 Test: Regular.NestedMinorPivotsTwoRowsOneColumn
Command: "/home/runner/work/cmr/cmr/build-debug-generators/test/cmr_gtest" "--gtest_filter=Regular.NestedMinorPivotsTwoRowsOneColumn" "--gtest_also_run_disabled_tests"
[...]
  Edge 9: {4,5} {arc = 18}
  Edge 6: {4,1} {arc = 12}
  Edge 5: {4,0} {arc = 11}
  Edge 4: {4,3} {arc = 9}
Node 3:
  Edge 11: {3,6} {arc = 22}
  Edge 8: {3,5} {arc = 16}
  Edge 4: {3,4} {arc = 8}
  Edge 3: {3,0} {arc = 7}
  Edge 2: {3,2} {arc = 5}
Node 2:
  Edge 2: {2,3} {arc = 4}
  Edge 1: {2,0} {arc = 3}
  Edge 0: {2,1} {arc = 1}
Node 1:
  Edge 7: {1,0} {arc = 15}
  Edge 6: {1,4} {arc = 13}
  Edge 0: {1,2} {arc = 0}
Node 0:
  Edge 10: {0,5} {arc = 20}
  Edge 7: {0,1} {arc = 14}
  Edge 5: {0,4} {arc = 10}
  Edge 3: {0,3} {arc = 6}
  Edge 1: {0,2} {arc = 2}
[       OK ] TotallyUnimodular.SequenceGraphicnessOneRowTwoColumns (0 ms)
[----------] 1 test from TotallyUnimodular (0 ms total)

[----------] Global test environment tear-down
[==========] 1 test from 1 test suite ran. (0 ms total)
[  PASSED  ] 1 test.
<end of output>
Test time =   0.00 sec
----------------------------------------------------------
Test Passed.
"TotallyUnimodular.SequenceGraphicnessOneRowTwoColumns" end time: Jun 23 07:01 UTC
"TotallyUnimodular.SequenceGraphicnessOneRowTwoColumns" time elapsed: 00:00:00
----------------------------------------------------------

101/108 Testing: TotallyUnimodular.SequenceGraphicnessOneColumn
101/108 Test: TotallyUnimodular.SequenceGraphicnessOneColumn
Command: "/home/runner/work/cmr/cmr/build-debug-generators/test/cmr_gtest" "--gtest_filter=TotallyUnimodular.SequenceGraphicnessOneColumn" "--gtest_also_run_disabled_tests"
Directory: /home/runner/work/cmr/cmr/build-debug-generators/test
"TotallyUnimodular.SequenceGraphicnessOneColumn" start time: Jun 23 07:01 UTC
Output:
----------------------------------------------------------
Note: Google Test filter = TotallyUnimodular.SequenceGraphicnessOneColumn
[==========] Running 1 test from 1 test suite.
[----------] Global test environment set-up.
[----------] 1 test from TotallyUnimodular
[ RUN      ] TotallyUnimodular.SequenceGraphicnessOneColumn
Testing matrix for graphicness via nested minor sequence:
6 6
1 0 0 1 0 0 
1 1 0 0 0 0 
0 1 1 0 0 0 
0 0 1 1 0 1 
0 0 0 1 1 0 
0 0 1 1 1 1 
6x6 graphic matrix with 7 nodes and 12 edges {regular,graphic}
No matrix.

Graph:

Graph with 7 nodes and 12 edges.
Node 6:
  Edge 10: {6,5} {arc = 21}
  Edge 9: {6,4} {arc = 18}
  Edge 5: {6,0} {arc = 11}
Node 5:
  Edge 10: {5,6} {arc = 20}
  Edge 8: {5,4} {arc = 16}
  Edge 6: {5,1} {arc = 13}
Node 4:
  Edge 11: {4,0} {arc = 22}
  Edge 9: {4,6} {arc = 19}
  Edge 8: {4,5} {arc = 17}
  Edge 4: {4,3} {arc = 9}
Node 3:
  Edge 4: {3,4} {arc = 8}
  Edge 3: {3,0} {arc = 7}
  Edge 2: {3,2} {arc = 5}
Node 2:
  Edge 2: {2,3} {arc = 4}
  Edge 1: {2,0} {arc = 3}
  Edge 0: {2,1} {arc = 1}
Node 1:
  Edge 6: {1,5} {arc = 12}
  Edge 7: {1,0} {arc = 15}
  Edge 0: {1,2} {arc = 0}
Node 0:
  Edge 11: {0,4} {arc = 23}
  Edge 5: {0,6} {arc = 10}
  Edge 7: {0,1} {arc = 14}
  Edge 3: {0,3} {arc = 6}
  Edge 1: {0,2} {arc = 2}
[       OK ] TotallyUnimodular.SequenceGraphicnessOneColumn (0 ms)
[----------] 1 test from TotallyUnimodular (0 ms total)

[----------] Global test environment tear-down
[==========] 1 test from 1 test suite ran. (0 ms total)
[  PASSED  ] 1 test.
<end of output>
Test time =   0.00 sec
----------------------------------------------------------
Test Passed.
"TotallyUnimodular.SequenceGraphicnessOneColumn" end time: Jun 23 07:01 UTC
"TotallyUnimodular.SequenceGraphicnessOneColumn" time elapsed: 00:00:00
----------------------------------------------------------

102/108 Testing: TotallyUnimodular.SequenceGraphicnessOneRow
102/108 Test: TotallyUnimodular.SequenceGraphicnessOneRow
Command: "/home/runner/work/cmr/cmr/build-debug-generators/test/cmr_gtest" "--gtest_filter=TotallyUnimodular.SequenceGraphicnessOneRow" "--gtest_also_run_disabled_tests"
Directory: /home/runner/work/cmr/cmr/build-debug-generators/test
"TotallyUnimodular.SequenceGraphicnessOneRow" start time: Jun 23 07:01 UTC
Output:
----------------------------------------------------------
Note: Google Test filter = TotallyUnimodular.SequenceGraphicnessOneRow
[==========] Running 1 test from 1 test suite.
[----------] Global test environment set-up.
[----------] 1 test from TotallyUnimodular
[ RUN      ] TotallyUnimodular.SequenceGraphicnessOneRow
Testing matrix for graphicness via nested minor sequence:
6 5
1 1 0 0 0 
0 1 1 0 1 
1 0 -1 1 0 
1 0 0 1 0 
0 1 0 0 1 
0 1 1 0 0 
6x5 graphic matrix with 7 nodes and 11 edges {regular,graphic}
No matrix.

Graph:

Graph with 7 nodes and 11 edges.
Node 6:
  Edge 10: {6,0} {arc = 21}
  Edge 3: {6,3} {arc = 7}
  Edge 9: {6,5} {arc = 19}
Node 5:
  Edge 9: {5,6} {arc = 18}
  Edge 8: {5,3} {arc = 16}
  Edge 4: {5,1} {arc = 9}
Node 4:
  Edge 7: {4,0} {arc = 14}
  Edge 6: {4,2} {arc = 12}
  Edge 0: {4,1} {arc = 1}
Node 3:
  Edge 3: {3,6} {arc = 6}
  Edge 8: {3,5} {arc = 17}
  Edge 2: {3,2} {arc = 5}
Node 2:
  Edge 6: {2,4} {arc = 13}
  Edge 2: {2,3} {arc = 4}
  Edge 1: {2,0} {arc = 3}
Node 1:
  Edge 4: {1,5} {arc = 8}
  Edge 0: {1,4} {arc = 0}
  Edge 5: {1,0} {arc = 11}
Node 0:
  Edge 10: {0,6} {arc = 20}
  Edge 7: {0,4} {arc = 15}
  Edge 5: {0,1} {arc = 10}
  Edge 1: {0,2} {arc = 2}
Testing matrix for graphicness via nested minor sequence:
5 5
1 1 0 0 1 
0 1 1 1 0 
1 0 -1 0 0 
0 1 0 1 1 
0 0 0 1 1 
5x5 3-sum with 2 children {}
No matrix.
  4x5 matrix with 1 series-parallel reductions; 1 child {}
  
Matrix:

4 5
1 0 1 1 1 
1 1 1 0 0 
0 1 1 0 0 
1 1 0 0 1 
    4x4 irregular {}
    
Matrix:

4 4
1 0 1 1 
1 1 1 0 
0 1 1 0 
1 1 0 1 
  3x4 unknown {}
  
Matrix:

3 4
0 1 1 0 
1 1 0 1 
0 0 1 -1 
Testing matrix for graphicness via nested minor sequence:
10 9
1 1 0 0 0 0 0 0 0 
0 1 1 1 0 0 0 0 0 
0 1 1 0 0 0 0 0 0 
1 0 -1 0 0 0 0 0 0 
0 0 1 1 0 0 0 0 1 
1 0 -1 -1 1 0 0 0 0 
0 0 0 1 0 1 0 0 0 
0 0 0 0 0 1 1 1 0 
0 0 0 0 0 1 0 0 0 
0 0 0 0 0 0 1 0 0 
10x9 matrix with 9 series-parallel reductions; 1 child {regular,cographic}
No matrix.
  6x4 cographic matrix with 5 nodes and 10 edges {regular,cographic}
  
Matrix:

6 4
1 1 0 0 
0 1 1 1 
0 1 1 0 
1 0 -1 0 
0 0 1 1 
1 0 -1 -1 
  
Cograph:

Graph with 5 nodes and 10 edges.
Node 4:
  Edge 9: {4,2} {arc = 18}
  Edge 7: {4,0} {arc = 14}
  Edge 6: {4,1} {arc = 12}
  Edge 4: {4,3} {arc = 9}
Node 3:
  Edge 8: {3,1} {arc = 16}
  Edge 4: {3,4} {arc = 8}
  Edge 3: {3,0} {arc = 7}
  Edge 2: {3,2} {arc = 5}
Node 2:
  Edge 9: {2,4} {arc = 19}
  Edge 2: {2,3} {arc = 4}
  Edge 1: {2,0} {arc = 3}
  Edge 0: {2,1} {arc = 1}
Node 1:
  Edge 8: {1,3} {arc = 17}
  Edge 6: {1,4} {arc = 13}
  Edge 5: {1,0} {arc = 11}
  Edge 0: {1,2} {arc = 0}
Node 0:
  Edge 7: {0,4} {arc = 15}
  Edge 5: {0,1} {arc = 10}
  Edge 3: {0,3} {arc = 6}
  Edge 1: {0,2} {arc = 2}
Testing matrix for graphicness via nested minor sequence:
8 10
1 0 1 0 1 0 0 0 0 0 
1 1 1 1 1 0 0 0 0 0 
0 0 0 0 1 1 0 0 0 0 
0 1 0 1 1 0 0 1 1 0 
0 1 1 0 1 1 1 0 0 0 
0 0 0 0 0 0 1 -1 0 0 
0 0 0 1 0 0 0 0 0 1 
0 0 1 0 0 0 0 0 0 -1 
8x10 matrix with 1 series-parallel reductions; 1 child {}
No matrix.
  8x9 3-sum with 2 children {}
  
Matrix:

8 9
1 0 1 0 1 0 0 0 0 
1 1 1 1 1 0 0 0 0 
0 0 0 0 1 1 0 0 0 
0 1 0 1 1 0 0 1 0 
0 1 1 0 1 1 1 0 0 
0 0 0 0 0 0 1 -1 0 
0 0 0 1 0 0 0 0 1 
0 0 1 0 0 0 0 0 -1 
    3x4 cographic matrix with 5 nodes and 7 edges {regular,cographic}
    
Matrix:

3 4
1 1 0 0 
1 1 1 1 
1 0 0 1 
    
Cograph:

Graph with 5 nodes and 7 edges.
Node 14:
  Edge 11: {14,0} {arc = 23}
  Edge 15: {14,3} {arc = 30}
Node 6:
  Edge 4: {6,0} {arc = 9}
  Edge 3: {6,3} {arc = 7}
  Edge 1: {6,5} {arc = 3}
Node 5:
  Edge 13: {5,0} {arc = 27}
  Edge 9: {5,3} {arc = 18}
  Edge 1: {5,6} {arc = 2}
Node 3:
  Edge 15: {3,14} {arc = 31}
  Edge 3: {3,6} {arc = 6}
  Edge 9: {3,5} {arc = 19}
Node 0:
  Edge 11: {0,14} {arc = 22}
  Edge 13: {0,5} {arc = 26}
  Edge 4: {0,6} {arc = 8}
    7x9 3-sum with 2 children {}
    
Matrix:

7 9
0 1 0 1 1 0 1 0 0 
1 1 1 0 1 0 0 0 0 
1 1 1 1 1 1 0 0 0 
1 1 0 1 0 1 0 1 0 
0 0 0 0 0 0 1 -1 0 
0 0 0 0 0 1 0 0 1 
0 0 0 0 1 0 0 0 -1 
      4x4 graphic matrix with 5 nodes and 8 edges {regular,graphic}
      
Matrix:

4 4
1 0 1 0 
0 1 1 1 
1 -1 0 0 
0 0 1 1 
      
Graph:

Graph with 5 nodes and 8 edges.
Node 4:
  Edge 7: {4,0} {arc = 14}
  Edge 6: {4,3} {arc = 12}
  Edge 4: {4,1} {arc = 9}
Node 3:
  Edge 6: {3,4} {arc = 13}
  Edge 3: {3,0} {arc = 7}
  Edge 2: {3,2} {arc = 5}
Node 2:
  Edge 2: {2,3} {arc = 4}
  Edge 1: {2,0} {arc = 3}
  Edge 0: {2,1} {arc = 1}
Node 1:
  Edge 4: {1,4} {arc = 8}
  Edge 5: {1,0} {arc = 11}
  Edge 0: {1,2} {arc = 0}
Node 0:
  Edge 7: {0,4} {arc = 15}
  Edge 5: {0,1} {arc = 10}
  Edge 3: {0,3} {arc = 6}
  Edge 1: {0,2} {arc = 2}
      6x8 irregular {}
      
Matrix:

6 8
1 0 1 0 1 1 0 0 
1 1 1 0 1 0 1 0 
0 1 1 1 0 1 0 0 
0 1 1 1 1 1 1 0 
0 0 0 0 0 0 1 1 
0 0 0 0 0 1 0 -1 
Testing matrix for graphicness via nested minor sequence:
5 5
1 1 0 0 1 
1 1 1 0 1 
0 1 1 1 0 
1 0 0 -1 0 
0 1 1 1 1 
5x5 graphic matrix with 6 nodes and 10 edges {regular,graphic}
No matrix.

Graph:

Graph with 6 nodes and 10 edges.
Node 5:
  Edge 9: {5,0} {arc = 19}
  Edge 5: {5,1} {arc = 11}
  Edge 6: {5,4} {arc = 13}
Node 4:
  Edge 6: {4,5} {arc = 12}
  Edge 7: {4,3} {arc = 14}
  Edge 1: {4,2} {arc = 3}
Node 3:
  Edge 7: {3,4} {arc = 15}
  Edge 4: {3,1} {arc = 8}
  Edge 3: {3,0} {arc = 7}
  Edge 2: {3,2} {arc = 5}
Node 2:
  Edge 8: {2,0} {arc = 16}
  Edge 1: {2,4} {arc = 2}
  Edge 2: {2,3} {arc = 4}
  Edge 0: {2,1} {arc = 1}
Node 1:
  Edge 5: {1,5} {arc = 10}
  Edge 4: {1,3} {arc = 9}
  Edge 0: {1,2} {arc = 0}
Node 0:
  Edge 9: {0,5} {arc = 18}
  Edge 8: {0,2} {arc = 17}
  Edge 3: {0,3} {arc = 6}
[       OK ] TotallyUnimodular.SequenceGraphicnessOneRow (1 ms)
[----------] 1 test from TotallyUnimodular (1 ms total)

[----------] Global test environment tear-down
[==========] 1 test from 1 test suite ran. (1 ms total)
[  PASSED  ] 1 test.
<end of output>
Test time =   0.00 sec
----------------------------------------------------------
Test Passed.
"TotallyUnimodular.SequenceGraphicnessOneRow" end time: Jun 23 07:01 UTC
"TotallyUnimodular.SequenceGraphicnessOneRow" time elapsed: 00:00:00
----------------------------------------------------------

103/108 Testing: TotallyUnimodular.R10
103/108 Test: TotallyUnimodular.R10
Command: "/home/runner/work/cmr/cmr/build-debug-generators/test/cmr_gtest" "--gtest_filter=TotallyUnimodular.R10" "--gtest_also_run_disabled_tests"
Directory: /home/runner/work/cmr/cmr/build-debug-generators/test
"TotallyUnimodular.R10" start time: Jun 23 07:01 UTC
Output:
----------------------------------------------------------
Note: Google Test filter = TotallyUnimodular.R10
[==========] Running 1 test from 1 test suite.
[----------] Global test environment set-up.
[----------] 1 test from TotallyUnimodular
[ RUN      ] TotallyUnimodular.R10
5 5
   1 2 3 4 5 
  ----------
1| 1 0 0 1 1 
2| 1 1 0 0 1 
3| 0 1 1 0 1 
4| 0 0 1 1 1 
5| 1 1 1 1 1 
5 5
   1 2 3 4 5 
  ----------
1| 1 1 0 0 1 
2| 1 1 -1 0 0 
3| 0 1 -1 -1 0 
4| 0 0 1 1 1 
5| 1 0 0 1 1 
[       OK ] TotallyUnimodular.R10 (0 ms)
[----------] 1 test from TotallyUnimodular (0 ms total)

[----------] Global test environment tear-down
[==========] 1 test from 1 test suite ran. (0 ms total)
[  PASSED  ] 1 test.
<end of output>
Test time =   0.00 sec
----------------------------------------------------------
Test Passed.
"TotallyUnimodular.R10" end time: Jun 23 07:01 UTC
"TotallyUnimodular.R10" time elapsed: 00:00:00
----------------------------------------------------------

104/108 Testing: TotallyUnimodular.EnumerateRanksZeroTwo
104/108 Test: TotallyUnimodular.EnumerateRanksZeroTwo
Command: "/home/runner/work/cmr/cmr/build-debug-generators/test/cmr_gtest" "--gtest_filter=TotallyUnimodular.EnumerateRanksZeroTwo" "--gtest_also_run_disabled_tests"
Directory: /home/runner/work/cmr/cmr/build-debug-generators/test
"TotallyUnimodular.EnumerateRanksZeroTwo" start time: Jun 23 07:01 UTC
Output:
----------------------------------------------------------
Note: Google Test filter = TotallyUnimodular.EnumerateRanksZeroTwo
[==========] Running 1 test from 1 test suite.
[----------] Global test environment set-up.
[----------] 1 test from TotallyUnimodular
[ RUN      ] TotallyUnimodular.EnumerateRanksZeroTwo
Testing matrix for regularity with a 3-separation:
4 4
   1 2 3 4 
  --------
1| 1 0 1 1 
2| 1 1 1 0 
3| 0 0 1 1 
4| 0 1 1 1 
4x4 3-sum with 2 children {}
No matrix.
  3x4 irregular {}
  
Matrix:

3 4
1 1 1 0 
0 1 1 1 
1 1 0 1 
  4x3 unknown {}
  
Matrix:

4 3
1 1 0 
1 0 1 
1 1 1 
1 0 0 
[       OK ] TotallyUnimodular.EnumerateRanksZeroTwo (0 ms)
[----------] 1 test from TotallyUnimodular (0 ms total)

[----------] Global test environment tear-down
[==========] 1 test from 1 test suite ran. (0 ms total)
[  PASSED  ] 1 test.
<end of output>
Test time =   0.00 sec
----------------------------------------------------------
Test Passed.
"TotallyUnimodular.EnumerateRanksZeroTwo" end time: Jun 23 07:01 UTC
"TotallyUnimodular.EnumerateRanksZeroTwo" time elapsed: 00:00:00
----------------------------------------------------------

105/108 Testing: TotallyUnimodular.EnumerateRanksOneOne
105/108 Test: TotallyUnimodular.EnumerateRanksOneOne
Command: "/home/runner/work/cmr/cmr/build-debug-generators/test/cmr_gtest" "--gtest_filter=TotallyUnimodular.EnumerateRanksOneOne" "--gtest_also_run_disabled_tests"
Directory: /home/runner/work/cmr/cmr/build-debug-generators/test
"TotallyUnimodular.EnumerateRanksOneOne" start time: Jun 23 07:01 UTC
Output:
----------------------------------------------------------
Note: Google Test filter = TotallyUnimodular.EnumerateRanksOneOne
[==========] Running 1 test from 1 test suite.
[----------] Global test environment set-up.
[----------] 1 test from TotallyUnimodular
[ RUN      ] TotallyUnimodular.EnumerateRanksOneOne
Testing matrix for regularity with a 3-separation:
4 4
   1 2 3 4 
  --------
1| 1 1 1 1 
2| 0 1 1 1 
3| 1 0 0 1 
4| 1 1 0 0 
4x4 3-sum with 2 children {}
No matrix.
  3x4 cographic matrix with 5 nodes and 7 edges {regular,cographic}
  
Matrix:

3 4
1 0 1 0 
1 1 1 1 
0 1 1 1 
  
Cograph:

Graph with 5 nodes and 7 edges.
Node 14:
  Edge 13: {14,1} {arc = 27}
  Edge 3: {14,0} {arc = 6}
Node 6:
  Edge 6: {6,0} {arc = 13}
  Edge 5: {6,1} {arc = 10}
  Edge 1: {6,5} {arc = 3}
Node 5:
  Edge 9: {5,0} {arc = 18}
  Edge 11: {5,1} {arc = 23}
  Edge 1: {5,6} {arc = 2}
Node 1:
  Edge 13: {1,14} {arc = 26}
  Edge 5: {1,6} {arc = 11}
  Edge 11: {1,5} {arc = 22}
Node 0:
  Edge 3: {0,14} {arc = 7}
  Edge 9: {0,5} {arc = 19}
  Edge 6: {0,6} {arc = 12}
  4x3 irregular {}
  
Matrix:

4 3
1 1 0 
1 1 1 
0 1 1 
1 0 1 
[       OK ] TotallyUnimodular.EnumerateRanksOneOne (0 ms)
[----------] 1 test from TotallyUnimodular (0 ms total)

[----------] Global test environment tear-down
[==========] 1 test from 1 test suite ran. (0 ms total)
[  PASSED  ] 1 test.
<end of output>
Test time =   0.00 sec
----------------------------------------------------------
Test Passed.
"TotallyUnimodular.EnumerateRanksOneOne" end time: Jun 23 07:01 UTC
"TotallyUnimodular.EnumerateRanksOneOne" time elapsed: 00:00:00
----------------------------------------------------------

106/108 Testing: TotallyUnimodular.EnumerateRanksTwoZero
106/108 Test: TotallyUnimodular.EnumerateRanksTwoZero
Command: "/home/runner/work/cmr/cmr/build-debug-generators/test/cmr_gtest" "--gtest_filter=TotallyUnimodular.EnumerateRanksTwoZero" "--gtest_also_run_disabled_tests"
Directory: /home/runner/work/cmr/cmr/build-debug-generators/test
"TotallyUnimodular.EnumerateRanksTwoZero" start time: Jun 23 07:01 UTC
Output:
----------------------------------------------------------
Note: Google Test filter = TotallyUnimodular.EnumerateRanksTwoZero
[==========] Running 1 test from 1 test suite.
[----------] Global test environment set-up.
[----------] 1 test from TotallyUnimodular
[ RUN      ] TotallyUnimodular.EnumerateRanksTwoZero
Testing matrix for regularity with a 3-separation:
5 5
   1 2 3 4 5 
  ----------
1| 1 1 0 1 0 
2| 1 1 1 0 1 
3| 1 1 1 0 0 
4| 1 1 1 1 1 
5| 1 0 0 0 1 
5x5 3-sum with 2 children {}
No matrix.
  5x4 3-sum with 2 children {}
  
Matrix:

5 4
0 1 1 0 
1 0 1 1 
1 0 1 0 
1 1 1 1 
0 0 1 1 
    4x4 3-sum with 2 children {}
    
Matrix:

4 4
1 1 0 0 
0 1 1 0 
0 1 0 1 
1 1 1 1 
      3x4 irregular {}
      
Matrix:

3 4
1 0 1 1 
0 1 1 1 
1 1 0 1 
      3x4 unknown {}
      
Matrix:

3 4
0 1 0 1 
0 0 1 1 
1 1 1 1 
    4x3 unknown {}
    
Matrix:

4 3
1 1 0 
1 0 1 
1 1 0 
1 1 1 
  3x4 unknown {}
  
Matrix:

3 4
1 1 1 0 
1 1 1 1 
0 1 0 1 
[       OK ] TotallyUnimodular.EnumerateRanksTwoZero (0 ms)
[----------] 1 test from TotallyUnimodular (0 ms total)

[----------] Global test environment tear-down
[==========] 1 test from 1 test suite ran. (0 ms total)
[  PASSED  ] 1 test.
<end of output>
Test time =   0.00 sec
----------------------------------------------------------
Test Passed.
"TotallyUnimodular.EnumerateRanksTwoZero" end time: Jun 23 07:01 UTC
"TotallyUnimodular.EnumerateRanksTwoZero" time elapsed: 00:00:00
----------------------------------------------------------

107/108 Testing: TotallyUnimodular.R12
107/108 Test: TotallyUnimodular.R12
Command: "/home/runner/work/cmr/cmr/build-debug-generators/test/cmr_gtest" "--gtest_filter=TotallyUnimodular.R12" "--gtest_also_run_disabled_tests"
Directory: /home/runner/work/cmr/cmr/build-debug-generators/test
"TotallyUnimodular.R12" start time: Jun 23 07:01 UTC
Output:
----------------------------------------------------------
Note: Google Test filter = TotallyUnimodular.R12
[==========] Running 1 test from 1 test suite.
[----------] Global test environment set-up.
[----------] 1 test from TotallyUnimodular
[ RUN      ] TotallyUnimodular.R12
6 6
   1 2 3 4 5 6 
  ------------
1| 1 0 1 1 0 0 
2| 0 1 1 1 0 0 
3| 1 0 1 0 1 1 
4| 0 -1 0 -1 1 1 
5| 1 0 1 0 1 0 
6| 0 -1 0 -1 0 1 
[       OK ] TotallyUnimodular.R12 (1 ms)
[----------] 1 test from TotallyUnimodular (1 ms total)

[----------] Global test environment tear-down
[==========] 1 test from 1 test suite ran. (1 ms total)
[  PASSED  ] 1 test.
<end of output>
Test time =   0.00 sec
----------------------------------------------------------
Test Passed.
"TotallyUnimodular.R12" end time: Jun 23 07:01 UTC
"TotallyUnimodular.R12" time elapsed: 00:00:00
----------------------------------------------------------

108/108 Testing: TotallyUnimodular.ForbiddenSubmatrix
108/108 Test: TotallyUnimodular.ForbiddenSubmatrix
Command: "/home/runner/work/cmr/cmr/build-debug-generators/test/cmr_gtest" "--gtest_filter=TotallyUnimodular.ForbiddenSubmatrix" "--gtest_also_run_disabled_tests"
Directory: /home/runner/work/cmr/cmr/build-debug-generators/test
"TotallyUnimodular.ForbiddenSubmatrix" start time: Jun 23 07:01 UTC
Output:
----------------------------------------------------------
Note: Google Test filter = TotallyUnimodular.ForbiddenSubmatrix
[==========] Running 1 test from 1 test suite.
[----------] Global test environment set-up.
[----------] 1 test from TotallyUnimodular
[ RUN      ] TotallyUnimodular.ForbiddenSubmatrix
14 14
   1 2 3 4 5 6 7 8 9 0 1 2 3 4 
  ----------------------------
1| 1 1 1 0 1 0 1 0 1 1 1 1 1 1 
2| 1 0 1 0 1 0 1 0 1 1 1 1 1 0 
3| 0 1 1 0 0 0 0 0 0 0 0 0 0 0 
4| 0 1 1 1 0 0 0 0 0 0 0 0 0 0 
5| 0 1 1 1 1 0 0 0 0 0 0 0 0 0 
6| 0 1 1 1 1 1 0 0 0 0 0 0 0 0 
7| 0 1 1 1 1 1 1 0 0 0 0 0 0 0 
8| 0 1 1 1 1 1 1 1 0 0 0 0 0 0 
9| 0 1 1 1 1 1 1 1 1 0 0 0 0 0 
0| 0 0 0 0 0 0 0 0 1 1 0 0 0 0 
1| 0 0 0 0 0 0 0 0 0 1 1 0 0 0 
2| 0 0 0 0 0 0 0 0 0 0 1 1 0 0 
3| 0 0 0 0 0 0 0 0 0 0 0 1 1 0 
4| 0 0 0 0 0 0 0 0 0 0 0 0 1 1 
[       OK ] TotallyUnimodular.ForbiddenSubmatrix (67 ms)
[----------] 1 test from TotallyUnimodular (67 ms total)

[----------] Global test environment tear-down
[==========] 1 test from 1 test suite ran. (67 ms total)
[  PASSED  ] 1 test.
<end of output>
Test time =   0.07 sec
----------------------------------------------------------
Test Passed.
"TotallyUnimodular.ForbiddenSubmatrix" end time: Jun 23 07:01 UTC
"TotallyUnimodular.ForbiddenSubmatrix" time elapsed: 00:00:00
----------------------------------------------------------

End testing: Jun 23 07:01 UTC
